<html>
<head>
<title>TestNG:  Test</title>
<link href="../testng.css" rel="stylesheet" type="text/css" />
<link href="../my-testng.css" rel="stylesheet" type="text/css" />

<style type="text/css">
.log { display: none;} 
.stack-trace { display: none;} 
</style>
<script type="text/javascript">
<!--
function flip(e) {
  current = e.style.display;
  if (current == 'block') {
    e.style.display = 'none';
    return 0;
  }
  else {
    e.style.display = 'block';
    return 1;
  }
}

function toggleBox(szDivId, elem, msg1, msg2)
{
  var res = -1;  if (document.getElementById) {
    res = flip(document.getElementById(szDivId));
  }
  else if (document.all) {
    // this is the way old msie versions work
    res = flip(document.all[szDivId]);
  }
  if(elem) {
    if(res == 0) elem.innerHTML = msg1; else elem.innerHTML = msg2;
  }

}

function toggleAllBoxes() {
  if (document.getElementsByTagName) {
    d = document.getElementsByTagName('div');
    for (i = 0; i < d.length; i++) {
      if (d[i].className == 'log') {
        flip(d[i]);
      }
    }
  }
}

// -->
</script>

</head>
<body>
<h2 align='center'>Test</h2><table border='1' align="center">
<tr>
<td>Tests passed/Failed/Skipped:</td><td>23/2/0</td>
</tr><tr>
<td>Started on:</td><td>Wed Feb 14 22:54:12 IST 2024</td>
</tr>
<tr><td>Total time:</td><td>1970 seconds (1970162 ms)</td>
</tr><tr>
<td>Included groups:</td><td></td>
</tr><tr>
<td>Excluded groups:</td><td></td>
</tr>
</table><p/>
<small><i>(Hover the method name to see the test class name)</i></small><p/>
<table width='100%' border='1' class='invocation-failed'>
<tr><td colspan='4' align='center'><b>FAILED TESTS</b></td></tr>
<tr><td><b>Test method</b></td>
<td><b>Attribute(s)</b></td>
<td width="30%"><b>Exception</b></td>
<td width="10%"><b>Time (seconds)</b></td>
<td><b>Instance</b></td>
</tr>
<tr>
<td title='testcases.TC_01_Homepagetest.searchmob_click()'><b>searchmob_click</b><br>Test class: testcases.TC_01_Homepagetest</td>
<td><div><pre>org.openqa.selenium.NoSuchElementException: no such element: Unable to locate element: {&quot;method&quot;:&quot;xpath&quot;,&quot;selector&quot;:&quot;//div[@class=&quot;row remove-margin full-bleed-row&quot;]//div[6]&quot;}
  (Session info: chrome=121.0.6167.161)
For documentation on this error, please visit: https://www.selenium.dev/documentation/webdriver/troubleshooting/errors#no-such-element-exception
Build info: version: &apos;4.16.0&apos;, revision: &apos;15400459dd*&apos;
System info: os.name: &apos;Windows 10&apos;, os.arch: &apos;amd64&apos;, os.version: &apos;10.0&apos;, java.version: &apos;21.0.1&apos;
Driver info: org.openqa.selenium.chrome.ChromeDriver
Command: [fc37146b579d8bd5995c39b85fed7292, findElement {using=xpath, value=//div[@class=&quot;row remove-margin full-bleed-row&quot;]//div[6]}]
Capabilities {acceptInsecureCerts: false, browserName: chrome, browserVersion: 121.0.6167.161, chrome: {chromedriverVersion: 121.0.6167.85 (3f98d690ad7e..., userDataDir: C:\Program Files\scoped_dir...}, fedcm:accounts: true, goog:chromeOptions: {debuggerAddress: localhost:58882}, networkConnectionEnabled: false, pageLoadStrategy: normal, platformName: windows, proxy: Proxy(), se:cdp: ws://localhost:58882/devtoo..., se:cdpVersion: 121.0.6167.161, setWindowRect: true, strictFileInteractability: false, timeouts: {implicit: 0, pageLoad: 300000, script: 30000}, unhandledPromptBehavior: dismiss and notify, webauthn:extension:credBlob: true, webauthn:extension:largeBlob: true, webauthn:extension:minPinLength: true, webauthn:extension:prf: true, webauthn:virtualAuthenticators: true}
Session ID: fc37146b579d8bd5995c39b85fed7292
	at org.openqa.selenium.remote.codec.w3c.W3CHttpResponseCodec.createException(W3CHttpResponseCodec.java:200)
	at org.openqa.selenium.remote.codec.w3c.W3CHttpResponseCodec.decode(W3CHttpResponseCodec.java:133)
	at org.openqa.selenium.remote.codec.w3c.W3CHttpResponseCodec.decode(W3CHttpResponseCodec.java:52)
	at org.openqa.selenium.remote.HttpCommandExecutor.execute(HttpCommandExecutor.java:191)
	at org.openqa.selenium.remote.service.DriverCommandExecutor.invokeExecute(DriverCommandExecutor.java:200)
	at org.openqa.selenium.remote.service.DriverCommandExecutor.execute(DriverCommandExecutor.java:175)
	at org.openqa.selenium.remote.RemoteWebDriver.execute(RemoteWebDriver.java:523)
	at org.openqa.selenium.remote.ElementLocation$ElementFinder$2.findElement(ElementLocation.java:165)
	at org.openqa.selenium.remote.ElementLocation.findElement(ElementLocation.java:59)
	at org.openqa.selenium.remote.RemoteWebDriver.findElement(RemoteWebDriver.java:360)
	at org.openqa.selenium.remote.RemoteWebDriver.findElement(RemoteWebDriver.java:354)
	at org.openqa.selenium.support.pagefactory.DefaultElementLocator.findElement(DefaultElementLocator.java:68)
	at org.openqa.selenium.support.pagefactory.internal.LocatingElementHandler.invoke(LocatingElementHandler.java:38)
	at jdk.proxy2/jdk.proxy2.$Proxy16.isDisplayed(Unknown Source)
	at pageobjects.Homepage.click_searchmob(Homepage.java:68)
	at testcases.TC_01_Homepagetest.searchmob_click(TC_01_Homepagetest.java:29)
	at java.base/java.util.ArrayList.forEach(ArrayList.java:1596)
... Removed 28 stack frames</pre></div><a href='#' onClick='toggleBox("stack-trace1744190758", this, "Click to show all stack frames", "Click to hide stack frames")'>Click to show all stack frames</a>
<div class='stack-trace' id='stack-trace1744190758'><pre>org.openqa.selenium.NoSuchElementException: no such element: Unable to locate element: {&quot;method&quot;:&quot;xpath&quot;,&quot;selector&quot;:&quot;//div[@class=&quot;row remove-margin full-bleed-row&quot;]//div[6]&quot;}
  (Session info: chrome=121.0.6167.161)
For documentation on this error, please visit: https://www.selenium.dev/documentation/webdriver/troubleshooting/errors#no-such-element-exception
Build info: version: &apos;4.16.0&apos;, revision: &apos;15400459dd*&apos;
System info: os.name: &apos;Windows 10&apos;, os.arch: &apos;amd64&apos;, os.version: &apos;10.0&apos;, java.version: &apos;21.0.1&apos;
Driver info: org.openqa.selenium.chrome.ChromeDriver
Command: [fc37146b579d8bd5995c39b85fed7292, findElement {using=xpath, value=//div[@class=&quot;row remove-margin full-bleed-row&quot;]//div[6]}]
Capabilities {acceptInsecureCerts: false, browserName: chrome, browserVersion: 121.0.6167.161, chrome: {chromedriverVersion: 121.0.6167.85 (3f98d690ad7e..., userDataDir: C:\Program Files\scoped_dir...}, fedcm:accounts: true, goog:chromeOptions: {debuggerAddress: localhost:58882}, networkConnectionEnabled: false, pageLoadStrategy: normal, platformName: windows, proxy: Proxy(), se:cdp: ws://localhost:58882/devtoo..., se:cdpVersion: 121.0.6167.161, setWindowRect: true, strictFileInteractability: false, timeouts: {implicit: 0, pageLoad: 300000, script: 30000}, unhandledPromptBehavior: dismiss and notify, webauthn:extension:credBlob: true, webauthn:extension:largeBlob: true, webauthn:extension:minPinLength: true, webauthn:extension:prf: true, webauthn:virtualAuthenticators: true}
Session ID: fc37146b579d8bd5995c39b85fed7292
	at java.base/jdk.internal.reflect.DirectConstructorHandleAccessor.newInstance(DirectConstructorHandleAccessor.java:62)
	at java.base/java.lang.reflect.Constructor.newInstanceWithCaller(Constructor.java:502)
	at java.base/java.lang.reflect.Constructor.newInstance(Constructor.java:486)
	at org.openqa.selenium.remote.codec.w3c.W3CHttpResponseCodec.createException(W3CHttpResponseCodec.java:200)
	at org.openqa.selenium.remote.codec.w3c.W3CHttpResponseCodec.decode(W3CHttpResponseCodec.java:133)
	at org.openqa.selenium.remote.codec.w3c.W3CHttpResponseCodec.decode(W3CHttpResponseCodec.java:52)
	at org.openqa.selenium.remote.HttpCommandExecutor.execute(HttpCommandExecutor.java:191)
	at org.openqa.selenium.remote.service.DriverCommandExecutor.invokeExecute(DriverCommandExecutor.java:200)
	at org.openqa.selenium.remote.service.DriverCommandExecutor.execute(DriverCommandExecutor.java:175)
	at org.openqa.selenium.remote.RemoteWebDriver.execute(RemoteWebDriver.java:523)
	at org.openqa.selenium.remote.ElementLocation$ElementFinder$2.findElement(ElementLocation.java:165)
	at org.openqa.selenium.remote.ElementLocation.findElement(ElementLocation.java:59)
	at org.openqa.selenium.remote.RemoteWebDriver.findElement(RemoteWebDriver.java:360)
	at org.openqa.selenium.remote.RemoteWebDriver.findElement(RemoteWebDriver.java:354)
	at org.openqa.selenium.support.pagefactory.DefaultElementLocator.findElement(DefaultElementLocator.java:68)
	at org.openqa.selenium.support.pagefactory.internal.LocatingElementHandler.invoke(LocatingElementHandler.java:38)
	at jdk.proxy2/jdk.proxy2.$Proxy16.isDisplayed(Unknown Source)
	at pageobjects.Homepage.click_searchmob(Homepage.java:68)
	at testcases.TC_01_Homepagetest.searchmob_click(TC_01_Homepagetest.java:29)
	at java.base/jdk.internal.reflect.DirectMethodHandleAccessor.invoke(DirectMethodHandleAccessor.java:103)
	at java.base/java.lang.reflect.Method.invoke(Method.java:580)
	at org.testng.internal.invokers.MethodInvocationHelper.invokeMethod(MethodInvocationHelper.java:139)
	at org.testng.internal.invokers.TestInvoker.invokeMethod(TestInvoker.java:664)
	at org.testng.internal.invokers.TestInvoker.invokeTestMethod(TestInvoker.java:227)
	at org.testng.internal.invokers.MethodRunner.runInSequence(MethodRunner.java:50)
	at org.testng.internal.invokers.TestInvoker$MethodInvocationAgent.invoke(TestInvoker.java:957)
	at org.testng.internal.invokers.TestInvoker.invokeTestMethods(TestInvoker.java:200)
	at org.testng.internal.invokers.TestMethodWorker.invokeTestMethods(TestMethodWorker.java:148)
	at org.testng.internal.invokers.TestMethodWorker.run(TestMethodWorker.java:128)
	at java.base/java.util.ArrayList.forEach(ArrayList.java:1596)
	at org.testng.TestRunner.privateRun(TestRunner.java:848)
	at org.testng.TestRunner.run(TestRunner.java:621)
	at org.testng.SuiteRunner.runTest(SuiteRunner.java:443)
	at org.testng.SuiteRunner.runSequentially(SuiteRunner.java:437)
	at org.testng.SuiteRunner.privateRun(SuiteRunner.java:397)
	at org.testng.SuiteRunner.run(SuiteRunner.java:336)
	at org.testng.SuiteRunnerWorker.runSuite(SuiteRunnerWorker.java:52)
	at org.testng.SuiteRunnerWorker.run(SuiteRunnerWorker.java:95)
	at org.testng.TestNG.runSuitesSequentially(TestNG.java:1280)
	at org.testng.TestNG.runSuitesLocally(TestNG.java:1200)
	at org.testng.TestNG.runSuites(TestNG.java:1114)
	at org.testng.TestNG.run(TestNG.java:1082)
	at org.testng.remote.AbstractRemoteTestNG.run(AbstractRemoteTestNG.java:115)
	at org.testng.remote.RemoteTestNG.initAndRun(RemoteTestNG.java:251)
	at org.testng.remote.RemoteTestNG.main(RemoteTestNG.java:77)
</pre></div></td>
<td>46</td>
<td>testcases.TC_01_Homepagetest@4b86805d</td></tr>
<tr>
<td title='testcases.TC_06_Shoppingcarttest.checkout_the_addingitems()'><b>checkout_the_addingitems</b><br>Test class: testcases.TC_06_Shoppingcarttest</td>
<td><div><pre>org.openqa.selenium.NoSuchElementException: no such element: Unable to locate element: {&quot;method&quot;:&quot;xpath&quot;,&quot;selector&quot;:&quot;//span[text()=&quot;Cart&quot;]&quot;}
  (Session info: chrome=121.0.6167.161)
For documentation on this error, please visit: https://www.selenium.dev/documentation/webdriver/troubleshooting/errors#no-such-element-exception
Build info: version: &apos;4.16.0&apos;, revision: &apos;15400459dd*&apos;
System info: os.name: &apos;Windows 10&apos;, os.arch: &apos;amd64&apos;, os.version: &apos;10.0&apos;, java.version: &apos;21.0.1&apos;
Driver info: org.openqa.selenium.chrome.ChromeDriver
Command: [40f73f3430006f334a9136dc1cf8f7f7, findElement {using=xpath, value=//span[text()=&quot;Cart&quot;]}]
Capabilities {acceptInsecureCerts: false, browserName: chrome, browserVersion: 121.0.6167.161, chrome: {chromedriverVersion: 121.0.6167.85 (3f98d690ad7e..., userDataDir: C:\Program Files\scoped_dir...}, fedcm:accounts: true, goog:chromeOptions: {debuggerAddress: localhost:58144}, networkConnectionEnabled: false, pageLoadStrategy: normal, platformName: windows, proxy: Proxy(), se:cdp: ws://localhost:58144/devtoo..., se:cdpVersion: 121.0.6167.161, setWindowRect: true, strictFileInteractability: false, timeouts: {implicit: 0, pageLoad: 300000, script: 30000}, unhandledPromptBehavior: dismiss and notify, webauthn:extension:credBlob: true, webauthn:extension:largeBlob: true, webauthn:extension:minPinLength: true, webauthn:extension:prf: true, webauthn:virtualAuthenticators: true}
Session ID: 40f73f3430006f334a9136dc1cf8f7f7
	at org.openqa.selenium.remote.codec.w3c.W3CHttpResponseCodec.createException(W3CHttpResponseCodec.java:200)
	at org.openqa.selenium.remote.codec.w3c.W3CHttpResponseCodec.decode(W3CHttpResponseCodec.java:133)
	at org.openqa.selenium.remote.codec.w3c.W3CHttpResponseCodec.decode(W3CHttpResponseCodec.java:52)
	at org.openqa.selenium.remote.HttpCommandExecutor.execute(HttpCommandExecutor.java:191)
	at org.openqa.selenium.remote.service.DriverCommandExecutor.invokeExecute(DriverCommandExecutor.java:200)
	at org.openqa.selenium.remote.service.DriverCommandExecutor.execute(DriverCommandExecutor.java:175)
	at org.openqa.selenium.remote.RemoteWebDriver.execute(RemoteWebDriver.java:523)
	at org.openqa.selenium.remote.ElementLocation$ElementFinder$2.findElement(ElementLocation.java:165)
	at org.openqa.selenium.remote.ElementLocation.findElement(ElementLocation.java:59)
	at org.openqa.selenium.remote.RemoteWebDriver.findElement(RemoteWebDriver.java:360)
	at org.openqa.selenium.remote.RemoteWebDriver.findElement(RemoteWebDriver.java:354)
	at org.openqa.selenium.support.pagefactory.DefaultElementLocator.findElement(DefaultElementLocator.java:68)
	at org.openqa.selenium.support.pagefactory.internal.LocatingElementHandler.invoke(LocatingElementHandler.java:38)
	at jdk.proxy2/jdk.proxy2.$Proxy16.click(Unknown Source)
	at pageobjects.Shoppingcartpage.Gotocart(Shoppingcartpage.java:135)
	at testcases.TC_06_Shoppingcarttest.checkout_the_addingitems(TC_06_Shoppingcarttest.java:37)
	at java.base/java.util.ArrayList.forEach(ArrayList.java:1596)
... Removed 28 stack frames</pre></div><a href='#' onClick='toggleBox("stack-trace1552133633", this, "Click to show all stack frames", "Click to hide stack frames")'>Click to show all stack frames</a>
<div class='stack-trace' id='stack-trace1552133633'><pre>org.openqa.selenium.NoSuchElementException: no such element: Unable to locate element: {&quot;method&quot;:&quot;xpath&quot;,&quot;selector&quot;:&quot;//span[text()=&quot;Cart&quot;]&quot;}
  (Session info: chrome=121.0.6167.161)
For documentation on this error, please visit: https://www.selenium.dev/documentation/webdriver/troubleshooting/errors#no-such-element-exception
Build info: version: &apos;4.16.0&apos;, revision: &apos;15400459dd*&apos;
System info: os.name: &apos;Windows 10&apos;, os.arch: &apos;amd64&apos;, os.version: &apos;10.0&apos;, java.version: &apos;21.0.1&apos;
Driver info: org.openqa.selenium.chrome.ChromeDriver
Command: [40f73f3430006f334a9136dc1cf8f7f7, findElement {using=xpath, value=//span[text()=&quot;Cart&quot;]}]
Capabilities {acceptInsecureCerts: false, browserName: chrome, browserVersion: 121.0.6167.161, chrome: {chromedriverVersion: 121.0.6167.85 (3f98d690ad7e..., userDataDir: C:\Program Files\scoped_dir...}, fedcm:accounts: true, goog:chromeOptions: {debuggerAddress: localhost:58144}, networkConnectionEnabled: false, pageLoadStrategy: normal, platformName: windows, proxy: Proxy(), se:cdp: ws://localhost:58144/devtoo..., se:cdpVersion: 121.0.6167.161, setWindowRect: true, strictFileInteractability: false, timeouts: {implicit: 0, pageLoad: 300000, script: 30000}, unhandledPromptBehavior: dismiss and notify, webauthn:extension:credBlob: true, webauthn:extension:largeBlob: true, webauthn:extension:minPinLength: true, webauthn:extension:prf: true, webauthn:virtualAuthenticators: true}
Session ID: 40f73f3430006f334a9136dc1cf8f7f7
	at java.base/jdk.internal.reflect.DirectConstructorHandleAccessor.newInstance(DirectConstructorHandleAccessor.java:62)
	at java.base/java.lang.reflect.Constructor.newInstanceWithCaller(Constructor.java:502)
	at java.base/java.lang.reflect.Constructor.newInstance(Constructor.java:486)
	at org.openqa.selenium.remote.codec.w3c.W3CHttpResponseCodec.createException(W3CHttpResponseCodec.java:200)
	at org.openqa.selenium.remote.codec.w3c.W3CHttpResponseCodec.decode(W3CHttpResponseCodec.java:133)
	at org.openqa.selenium.remote.codec.w3c.W3CHttpResponseCodec.decode(W3CHttpResponseCodec.java:52)
	at org.openqa.selenium.remote.HttpCommandExecutor.execute(HttpCommandExecutor.java:191)
	at org.openqa.selenium.remote.service.DriverCommandExecutor.invokeExecute(DriverCommandExecutor.java:200)
	at org.openqa.selenium.remote.service.DriverCommandExecutor.execute(DriverCommandExecutor.java:175)
	at org.openqa.selenium.remote.RemoteWebDriver.execute(RemoteWebDriver.java:523)
	at org.openqa.selenium.remote.ElementLocation$ElementFinder$2.findElement(ElementLocation.java:165)
	at org.openqa.selenium.remote.ElementLocation.findElement(ElementLocation.java:59)
	at org.openqa.selenium.remote.RemoteWebDriver.findElement(RemoteWebDriver.java:360)
	at org.openqa.selenium.remote.RemoteWebDriver.findElement(RemoteWebDriver.java:354)
	at org.openqa.selenium.support.pagefactory.DefaultElementLocator.findElement(DefaultElementLocator.java:68)
	at org.openqa.selenium.support.pagefactory.internal.LocatingElementHandler.invoke(LocatingElementHandler.java:38)
	at jdk.proxy2/jdk.proxy2.$Proxy16.click(Unknown Source)
	at pageobjects.Shoppingcartpage.Gotocart(Shoppingcartpage.java:135)
	at testcases.TC_06_Shoppingcarttest.checkout_the_addingitems(TC_06_Shoppingcarttest.java:37)
	at java.base/jdk.internal.reflect.DirectMethodHandleAccessor.invoke(DirectMethodHandleAccessor.java:103)
	at java.base/java.lang.reflect.Method.invoke(Method.java:580)
	at org.testng.internal.invokers.MethodInvocationHelper.invokeMethod(MethodInvocationHelper.java:139)
	at org.testng.internal.invokers.TestInvoker.invokeMethod(TestInvoker.java:664)
	at org.testng.internal.invokers.TestInvoker.invokeTestMethod(TestInvoker.java:227)
	at org.testng.internal.invokers.MethodRunner.runInSequence(MethodRunner.java:50)
	at org.testng.internal.invokers.TestInvoker$MethodInvocationAgent.invoke(TestInvoker.java:957)
	at org.testng.internal.invokers.TestInvoker.invokeTestMethods(TestInvoker.java:200)
	at org.testng.internal.invokers.TestMethodWorker.invokeTestMethods(TestMethodWorker.java:148)
	at org.testng.internal.invokers.TestMethodWorker.run(TestMethodWorker.java:128)
	at java.base/java.util.ArrayList.forEach(ArrayList.java:1596)
	at org.testng.TestRunner.privateRun(TestRunner.java:848)
	at org.testng.TestRunner.run(TestRunner.java:621)
	at org.testng.SuiteRunner.runTest(SuiteRunner.java:443)
	at org.testng.SuiteRunner.runSequentially(SuiteRunner.java:437)
	at org.testng.SuiteRunner.privateRun(SuiteRunner.java:397)
	at org.testng.SuiteRunner.run(SuiteRunner.java:336)
	at org.testng.SuiteRunnerWorker.runSuite(SuiteRunnerWorker.java:52)
	at org.testng.SuiteRunnerWorker.run(SuiteRunnerWorker.java:95)
	at org.testng.TestNG.runSuitesSequentially(TestNG.java:1280)
	at org.testng.TestNG.runSuitesLocally(TestNG.java:1200)
	at org.testng.TestNG.runSuites(TestNG.java:1114)
	at org.testng.TestNG.run(TestNG.java:1082)
	at org.testng.remote.AbstractRemoteTestNG.run(AbstractRemoteTestNG.java:115)
	at org.testng.remote.RemoteTestNG.initAndRun(RemoteTestNG.java:251)
	at org.testng.remote.RemoteTestNG.main(RemoteTestNG.java:77)
</pre></div></td>
<td>137</td>
<td>testcases.TC_06_Shoppingcarttest@238d68ff</td></tr>
</table><p>
<table width='100%' border='1' class='invocation-passed'>
<tr><td colspan='4' align='center'><b>PASSED TESTS</b></td></tr>
<tr><td><b>Test method</b></td>
<td><b>Attribute(s)</b></td>
<td width="30%"><b>Exception</b></td>
<td width="10%"><b>Time (seconds)</b></td>
<td><b>Instance</b></td>
</tr>
<tr>
<td title='testcases.TC_05_Bottomlinktest.verify_order_purchase_menuitems()'><b>verify_order_purchase_menuitems</b><br>Test class: testcases.TC_05_Bottomlinktest</td>
<td></td>
<td>39</td>
<td>testcases.TC_05_Bottomlinktest@5852c06f</td></tr>
<tr>
<td title='testcases.TC_01_Homepagetest.checkorderstatus()'><b>checkorderstatus</b><br>Test class: testcases.TC_01_Homepagetest</td>
<td></td>
<td>24</td>
<td>testcases.TC_01_Homepagetest@4b86805d</td></tr>
<tr>
<td title='testcases.TC_05_Bottomlinktest.verify_patnership_details()'><b>verify_patnership_details</b><br>Test class: testcases.TC_05_Bottomlinktest</td>
<td></td>
<td>43</td>
<td>testcases.TC_05_Bottomlinktest@5852c06f</td></tr>
<tr>
<td title='testcases.TC_04Loginnegativecases.Loginpage()'><b>Loginpage</b><br>Test class: testcases.TC_04Loginnegativecases<br>Parameters: akramkarish26@gmail.com, null<br/>
<a href="#Output-307996568" onClick='toggleBox("Output-307996568", this, "Show output", "Hide output");'>Show output</a>

<a href="#Output-307996568" onClick="toggleAllBoxes();">Show all outputs</a>
<div class='log' id="Output-307996568">
Welcome to loginpage<br/>
</div>
</td>
<td></td>
<td>83</td>
<td>testcases.TC_04Loginnegativecases@376a0d86</td></tr>
<tr>
<td title='testcases.TC_01_Homepagetest.Return_Exchange()'><b>Return_Exchange</b><br>Test class: testcases.TC_01_Homepagetest</td>
<td></td>
<td>29</td>
<td>testcases.TC_01_Homepagetest@4b86805d</td></tr>
<tr>
<td title='testcases.TC_06b_shopbydepartment.add_itemsin_shopbydepartment()'><b>add_itemsin_shopbydepartment</b><br>Test class: testcases.TC_06b_shopbydepartment</td>
<td></td>
<td>103</td>
<td>testcases.TC_06b_shopbydepartment@15d49048</td></tr>
<tr>
<td title='testcases.TC_06a_shopbybrand.additem_shobby_brand()'><b>additem_shobby_brand</b><br>Test class: testcases.TC_06a_shopbybrand</td>
<td></td>
<td>74</td>
<td>testcases.TC_06a_shopbybrand@76b07f29</td></tr>
<tr>
<td title='testcases.TC_04Loginnegativecases.Loginpage()'><b>Loginpage</b><br>Test class: testcases.TC_04Loginnegativecases<br>Parameters: akramkarish26@gmail.com, admin<br/>
<a href="#Output-187115616" onClick='toggleBox("Output-187115616", this, "Show output", "Hide output");'>Show output</a>

<a href="#Output-187115616" onClick="toggleAllBoxes();">Show all outputs</a>
<div class='log' id="Output-187115616">
Welcome to loginpage<br/>
</div>
</td>
<td></td>
<td>69</td>
<td>testcases.TC_04Loginnegativecases@376a0d86</td></tr>
<tr>
<td title='testcases.TC_01_Homepagetest.Pickup()'><b>Pickup</b><br>Test class: testcases.TC_01_Homepagetest</td>
<td></td>
<td>39</td>
<td>testcases.TC_01_Homepagetest@4b86805d</td></tr>
<tr>
<td title='testcases.TC_07_checkoutpagetest.checkout_the_addingitems()'><b>checkout_the_addingitems</b><br>Test class: testcases.TC_07_checkoutpagetest</td>
<td></td>
<td>236</td>
<td>testcases.TC_07_checkoutpagetest@9cb8225</td></tr>
<tr>
<td title='testcases.TC_02_Loginpagetest.Loginpage()'><b>Loginpage</b><br>Test class: testcases.TC_02_Loginpagetest<br/>
<a href="#Output-275885692" onClick='toggleBox("Output-275885692", this, "Show output", "Hide output");'>Show output</a>

<a href="#Output-275885692" onClick="toggleAllBoxes();">Show all outputs</a>
<div class='log' id="Output-275885692">
Welcome to loginpage<br/>
</div>
</td>
<td></td>
<td>66</td>
<td>testcases.TC_02_Loginpagetest@38af9828</td></tr>
<tr>
<td title='testcases.TC_04Loginnegativecases.Loginpage()'><b>Loginpage</b><br>Test class: testcases.TC_04Loginnegativecases<br>Parameters: akramkarish26@gmail.com, admin123<br/>
<a href="#Output-903167192" onClick='toggleBox("Output-903167192", this, "Show output", "Hide output");'>Show output</a>

<a href="#Output-903167192" onClick="toggleAllBoxes();">Show all outputs</a>
<div class='log' id="Output-903167192">
Welcome to loginpage<br/>
</div>
</td>
<td></td>
<td>81</td>
<td>testcases.TC_04Loginnegativecases@376a0d86</td></tr>
<tr>
<td title='testcases.TC_05_Bottomlinktest.verify_payment_details()'><b>verify_payment_details</b><br>Test class: testcases.TC_05_Bottomlinktest</td>
<td></td>
<td>34</td>
<td>testcases.TC_05_Bottomlinktest@5852c06f</td></tr>
<tr>
<td title='testcases.TC_06_Shoppingcarttest.search_additemto_cart()'><b>search_additemto_cart</b><br>Test class: testcases.TC_06_Shoppingcarttest</td>
<td></td>
<td>47</td>
<td>testcases.TC_06_Shoppingcarttest@238d68ff</td></tr>
<tr>
<td title='testcases.TC_03_Signuppagetest.signup()'><b>signup</b><br>Test class: testcases.TC_03_Signuppagetest</td>
<td></td>
<td>83</td>
<td>testcases.TC_03_Signuppagetest@4149c063</td></tr>
<tr>
<td title='testcases.TC_01_Homepagetest.verify_allmenuitems_on_homepage()'><b>verify_allmenuitems_on_homepage</b><br>Test class: testcases.TC_01_Homepagetest</td>
<td></td>
<td>48</td>
<td>testcases.TC_01_Homepagetest@4b86805d</td></tr>
<tr>
<td title='testcases.TC_01_Homepagetest.verify_support_centre_presence()'><b>verify_support_centre_presence</b><br>Test class: testcases.TC_01_Homepagetest</td>
<td></td>
<td>25</td>
<td>testcases.TC_01_Homepagetest@4b86805d</td></tr>
<tr>
<td title='testcases.TC_01_Homepagetest.verifytitle_on_Homepage()'><b>verifytitle_on_Homepage</b><br>Test class: testcases.TC_01_Homepagetest</td>
<td></td>
<td>31</td>
<td>testcases.TC_01_Homepagetest@4b86805d</td></tr>
<tr>
<td title='testcases.TC_05_Bottomlinktest.verify_support_service_details()'><b>verify_support_service_details</b><br>Test class: testcases.TC_05_Bottomlinktest</td>
<td></td>
<td>57</td>
<td>testcases.TC_05_Bottomlinktest@5852c06f</td></tr>
<tr>
<td title='testcases.TC_05_Bottomlinktest.verify_reward_membership_details()'><b>verify_reward_membership_details</b><br>Test class: testcases.TC_05_Bottomlinktest</td>
<td></td>
<td>48</td>
<td>testcases.TC_05_Bottomlinktest@5852c06f</td></tr>
<tr>
<td title='testcases.TC_01_Homepagetest.verifylogo_on_homepage()'><b>verifylogo_on_homepage</b><br>Test class: testcases.TC_01_Homepagetest</td>
<td></td>
<td>43</td>
<td>testcases.TC_01_Homepagetest@4b86805d</td></tr>
<tr>
<td title='testcases.TC_01_Homepagetest.verify_recentlyviewed_Title()'><b>verify_recentlyviewed_Title</b><br>Test class: testcases.TC_01_Homepagetest</td>
<td></td>
<td>42</td>
<td>testcases.TC_01_Homepagetest@4b86805d</td></tr>
<tr>
<td title='testcases.TC_05_Bottomlinktest.verify_BestBuy_details()'><b>verify_BestBuy_details</b><br>Test class: testcases.TC_05_Bottomlinktest</td>
<td></td>
<td>42</td>
<td>testcases.TC_05_Bottomlinktest@5852c06f</td></tr>
</table><p>
</body>
</html>