<?xml version="1.0" encoding="UTF-8"?>
<testng-results ignored="0" total="25" passed="22" failed="3" skipped="0">
  <reporter-output>
    <line>
      <![CDATA[Welcome to loginpage]]>
    </line>
    <line>
      <![CDATA[Welcome to loginpage]]>
    </line>
    <line>
      <![CDATA[Welcome to loginpage]]>
    </line>
    <line>
      <![CDATA[Welcome to loginpage]]>
    </line>
  </reporter-output>
  <suite started-at="2024-02-15T00:32:19 IST" name="Suite" finished-at="2024-02-15T00:58:55 IST" duration-ms="1595742">
    <groups>
    </groups>
    <test started-at="2024-02-15T00:32:19 IST" name="Test" finished-at="2024-02-15T00:58:55 IST" duration-ms="1595742">
      <class name="testcases.TC_07_checkoutpagetest">
        <test-method is-config="true" signature="startup()[pri:0, instance:testcases.TC_07_checkoutpagetest@71075444]" started-at="2024-02-15T00:49:55 IST" name="startup" finished-at="2024-02-15T00:50:10 IST" duration-ms="14635" status="PASS">
          <reporter-output>
          </reporter-output>
        </test-method> <!-- startup -->
        <test-method signature="checkout_the_addingitems()[pri:0, instance:testcases.TC_07_checkoutpagetest@71075444]" started-at="2024-02-15T00:50:10 IST" name="checkout_the_addingitems" finished-at="2024-02-15T00:52:26 IST" duration-ms="136081" status="FAIL">
          <exception class="org.openqa.selenium.NoSuchElementException">
            <message>
              <![CDATA[no such element: Unable to locate element: {"method":"xpath","selector":"//input[@id="number"]"}
  (Session info: chrome=121.0.6167.161)
For documentation on this error, please visit: https://www.selenium.dev/documentation/webdriver/troubleshooting/errors#no-such-element-exception
Build info: version: '4.16.0', revision: '15400459dd*'
System info: os.name: 'Windows 10', os.arch: 'amd64', os.version: '10.0', java.version: '21.0.1'
Driver info: org.openqa.selenium.chrome.ChromeDriver
Command: [bdc5558270c4b0e4bdc55d3ae7fbc08d, findElement {using=xpath, value=//input[@id="number"]}]
Capabilities {acceptInsecureCerts: false, browserName: chrome, browserVersion: 121.0.6167.161, chrome: {chromedriverVersion: 121.0.6167.85 (3f98d690ad7e..., userDataDir: C:\Program Files\scoped_dir...}, fedcm:accounts: true, goog:chromeOptions: {debuggerAddress: localhost:53617}, networkConnectionEnabled: false, pageLoadStrategy: normal, platformName: windows, proxy: Proxy(), se:cdp: ws://localhost:53617/devtoo..., se:cdpVersion: 121.0.6167.161, setWindowRect: true, strictFileInteractability: false, timeouts: {implicit: 0, pageLoad: 300000, script: 30000}, unhandledPromptBehavior: dismiss and notify, webauthn:extension:credBlob: true, webauthn:extension:largeBlob: true, webauthn:extension:minPinLength: true, webauthn:extension:prf: true, webauthn:virtualAuthenticators: true}
Session ID: bdc5558270c4b0e4bdc55d3ae7fbc08d]]>
            </message>
            <full-stacktrace>
              <![CDATA[org.openqa.selenium.NoSuchElementException: no such element: Unable to locate element: {"method":"xpath","selector":"//input[@id="number"]"}
  (Session info: chrome=121.0.6167.161)
For documentation on this error, please visit: https://www.selenium.dev/documentation/webdriver/troubleshooting/errors#no-such-element-exception
Build info: version: '4.16.0', revision: '15400459dd*'
System info: os.name: 'Windows 10', os.arch: 'amd64', os.version: '10.0', java.version: '21.0.1'
Driver info: org.openqa.selenium.chrome.ChromeDriver
Command: [bdc5558270c4b0e4bdc55d3ae7fbc08d, findElement {using=xpath, value=//input[@id="number"]}]
Capabilities {acceptInsecureCerts: false, browserName: chrome, browserVersion: 121.0.6167.161, chrome: {chromedriverVersion: 121.0.6167.85 (3f98d690ad7e..., userDataDir: C:\Program Files\scoped_dir...}, fedcm:accounts: true, goog:chromeOptions: {debuggerAddress: localhost:53617}, networkConnectionEnabled: false, pageLoadStrategy: normal, platformName: windows, proxy: Proxy(), se:cdp: ws://localhost:53617/devtoo..., se:cdpVersion: 121.0.6167.161, setWindowRect: true, strictFileInteractability: false, timeouts: {implicit: 0, pageLoad: 300000, script: 30000}, unhandledPromptBehavior: dismiss and notify, webauthn:extension:credBlob: true, webauthn:extension:largeBlob: true, webauthn:extension:minPinLength: true, webauthn:extension:prf: true, webauthn:virtualAuthenticators: true}
Session ID: bdc5558270c4b0e4bdc55d3ae7fbc08d
at java.base/jdk.internal.reflect.DirectConstructorHandleAccessor.newInstance(DirectConstructorHandleAccessor.java:62)
at java.base/java.lang.reflect.Constructor.newInstanceWithCaller(Constructor.java:502)
at java.base/java.lang.reflect.Constructor.newInstance(Constructor.java:486)
at org.openqa.selenium.remote.codec.w3c.W3CHttpResponseCodec.createException(W3CHttpResponseCodec.java:200)
at org.openqa.selenium.remote.codec.w3c.W3CHttpResponseCodec.decode(W3CHttpResponseCodec.java:133)
at org.openqa.selenium.remote.codec.w3c.W3CHttpResponseCodec.decode(W3CHttpResponseCodec.java:52)
at org.openqa.selenium.remote.HttpCommandExecutor.execute(HttpCommandExecutor.java:191)
at org.openqa.selenium.remote.service.DriverCommandExecutor.invokeExecute(DriverCommandExecutor.java:200)
at org.openqa.selenium.remote.service.DriverCommandExecutor.execute(DriverCommandExecutor.java:175)
at org.openqa.selenium.remote.RemoteWebDriver.execute(RemoteWebDriver.java:523)
at org.openqa.selenium.remote.ElementLocation$ElementFinder$2.findElement(ElementLocation.java:165)
at org.openqa.selenium.remote.ElementLocation.findElement(ElementLocation.java:59)
at org.openqa.selenium.remote.RemoteWebDriver.findElement(RemoteWebDriver.java:360)
at org.openqa.selenium.remote.RemoteWebDriver.findElement(RemoteWebDriver.java:354)
at org.openqa.selenium.support.pagefactory.DefaultElementLocator.findElement(DefaultElementLocator.java:68)
at org.openqa.selenium.support.pagefactory.internal.LocatingElementHandler.invoke(LocatingElementHandler.java:38)
at jdk.proxy2/jdk.proxy2.$Proxy12.sendKeys(Unknown Source)
at pageobjects.Shoppingcartpage.getcard_details(Shoppingcartpage.java:230)
at testcases.TC_07_checkoutpagetest.checkout_the_addingitems(TC_07_checkoutpagetest.java:39)
at java.base/jdk.internal.reflect.DirectMethodHandleAccessor.invoke(DirectMethodHandleAccessor.java:103)
at java.base/java.lang.reflect.Method.invoke(Method.java:580)
at org.testng.internal.invokers.MethodInvocationHelper.invokeMethod(MethodInvocationHelper.java:139)
at org.testng.internal.invokers.TestInvoker.invokeMethod(TestInvoker.java:664)
at org.testng.internal.invokers.TestInvoker.invokeTestMethod(TestInvoker.java:227)
at org.testng.internal.invokers.MethodRunner.runInSequence(MethodRunner.java:50)
at org.testng.internal.invokers.TestInvoker$MethodInvocationAgent.invoke(TestInvoker.java:957)
at org.testng.internal.invokers.TestInvoker.invokeTestMethods(TestInvoker.java:200)
at org.testng.internal.invokers.TestMethodWorker.invokeTestMethods(TestMethodWorker.java:148)
at org.testng.internal.invokers.TestMethodWorker.run(TestMethodWorker.java:128)
at java.base/java.util.ArrayList.forEach(ArrayList.java:1596)
at org.testng.TestRunner.privateRun(TestRunner.java:848)
at org.testng.TestRunner.run(TestRunner.java:621)
at org.testng.SuiteRunner.runTest(SuiteRunner.java:443)
at org.testng.SuiteRunner.runSequentially(SuiteRunner.java:437)
at org.testng.SuiteRunner.privateRun(SuiteRunner.java:397)
at org.testng.SuiteRunner.run(SuiteRunner.java:336)
at org.testng.SuiteRunnerWorker.runSuite(SuiteRunnerWorker.java:52)
at org.testng.SuiteRunnerWorker.run(SuiteRunnerWorker.java:95)
at org.testng.TestNG.runSuitesSequentially(TestNG.java:1280)
at org.testng.TestNG.runSuitesLocally(TestNG.java:1200)
at org.testng.TestNG.runSuites(TestNG.java:1114)
at org.testng.TestNG.run(TestNG.java:1082)
at org.apache.maven.surefire.testng.TestNGExecutor.run(TestNGExecutor.java:284)
at org.apache.maven.surefire.testng.TestNGXmlTestSuite.execute(TestNGXmlTestSuite.java:75)
at org.apache.maven.surefire.testng.TestNGProvider.invoke(TestNGProvider.java:119)
at org.apache.maven.surefire.booter.ForkedBooter.runSuitesInProcess(ForkedBooter.java:428)
at org.apache.maven.surefire.booter.ForkedBooter.execute(ForkedBooter.java:162)
at org.apache.maven.surefire.booter.ForkedBooter.run(ForkedBooter.java:562)
at org.apache.maven.surefire.booter.ForkedBooter.main(ForkedBooter.java:548)
]]>
            </full-stacktrace>
          </exception> <!-- org.openqa.selenium.NoSuchElementException -->
          <reporter-output>
          </reporter-output>
        </test-method> <!-- checkout_the_addingitems -->
        <test-method is-config="true" signature="close()[pri:0, instance:testcases.TC_07_checkoutpagetest@71075444]" started-at="2024-02-15T00:52:26 IST" name="close" finished-at="2024-02-15T00:52:27 IST" duration-ms="1192" status="PASS">
          <reporter-output>
          </reporter-output>
        </test-method> <!-- close -->
      </class> <!-- testcases.TC_07_checkoutpagetest -->
      <class name="testcases.TC_06_Shoppingcarttest">
        <test-method is-config="true" signature="startup()[pri:0, instance:testcases.TC_06_Shoppingcarttest@5a59ca5e]" started-at="2024-02-15T00:33:51 IST" name="startup" finished-at="2024-02-15T00:34:08 IST" duration-ms="16443" status="PASS">
          <reporter-output>
          </reporter-output>
        </test-method> <!-- startup -->
        <test-method signature="checkout_the_addingitems()[pri:0, instance:testcases.TC_06_Shoppingcarttest@5a59ca5e]" started-at="2024-02-15T00:34:08 IST" name="checkout_the_addingitems" finished-at="2024-02-15T00:36:56 IST" duration-ms="167775" status="FAIL">
          <exception class="org.openqa.selenium.ElementNotInteractableException">
            <message>
              <![CDATA[element not interactable
  (Session info: chrome=121.0.6167.161)
Build info: version: '4.16.0', revision: '15400459dd*'
System info: os.name: 'Windows 10', os.arch: 'amd64', os.version: '10.0', java.version: '21.0.1'
Driver info: org.openqa.selenium.chrome.ChromeDriver
Command: [c3bcb69ced5f879d85bcde32c85fe03f, sendKeysToElement {id=AF722918F32D72972402AE868788B832_element_649, value=[Ljava.lang.CharSequence;@37e0292a}]
Capabilities {acceptInsecureCerts: false, browserName: chrome, browserVersion: 121.0.6167.161, chrome: {chromedriverVersion: 121.0.6167.85 (3f98d690ad7e..., userDataDir: C:\Program Files\scoped_dir...}, fedcm:accounts: true, goog:chromeOptions: {debuggerAddress: localhost:51347}, networkConnectionEnabled: false, pageLoadStrategy: normal, platformName: windows, proxy: Proxy(), se:cdp: ws://localhost:51347/devtoo..., se:cdpVersion: 121.0.6167.161, setWindowRect: true, strictFileInteractability: false, timeouts: {implicit: 0, pageLoad: 300000, script: 30000}, unhandledPromptBehavior: dismiss and notify, webauthn:extension:credBlob: true, webauthn:extension:largeBlob: true, webauthn:extension:minPinLength: true, webauthn:extension:prf: true, webauthn:virtualAuthenticators: true}
Element: [[ChromeDriver: chrome on windows (c3bcb69ced5f879d85bcde32c85fe03f)] -> xpath: //input[@id="city"]]
Session ID: c3bcb69ced5f879d85bcde32c85fe03f]]>
            </message>
            <full-stacktrace>
              <![CDATA[org.openqa.selenium.ElementNotInteractableException: element not interactable
  (Session info: chrome=121.0.6167.161)
Build info: version: '4.16.0', revision: '15400459dd*'
System info: os.name: 'Windows 10', os.arch: 'amd64', os.version: '10.0', java.version: '21.0.1'
Driver info: org.openqa.selenium.chrome.ChromeDriver
Command: [c3bcb69ced5f879d85bcde32c85fe03f, sendKeysToElement {id=AF722918F32D72972402AE868788B832_element_649, value=[Ljava.lang.CharSequence;@37e0292a}]
Capabilities {acceptInsecureCerts: false, browserName: chrome, browserVersion: 121.0.6167.161, chrome: {chromedriverVersion: 121.0.6167.85 (3f98d690ad7e..., userDataDir: C:\Program Files\scoped_dir...}, fedcm:accounts: true, goog:chromeOptions: {debuggerAddress: localhost:51347}, networkConnectionEnabled: false, pageLoadStrategy: normal, platformName: windows, proxy: Proxy(), se:cdp: ws://localhost:51347/devtoo..., se:cdpVersion: 121.0.6167.161, setWindowRect: true, strictFileInteractability: false, timeouts: {implicit: 0, pageLoad: 300000, script: 30000}, unhandledPromptBehavior: dismiss and notify, webauthn:extension:credBlob: true, webauthn:extension:largeBlob: true, webauthn:extension:minPinLength: true, webauthn:extension:prf: true, webauthn:virtualAuthenticators: true}
Element: [[ChromeDriver: chrome on windows (c3bcb69ced5f879d85bcde32c85fe03f)] -> xpath: //input[@id="city"]]
Session ID: c3bcb69ced5f879d85bcde32c85fe03f
at java.base/jdk.internal.reflect.DirectConstructorHandleAccessor.newInstance(DirectConstructorHandleAccessor.java:62)
at java.base/java.lang.reflect.Constructor.newInstanceWithCaller(Constructor.java:502)
at java.base/java.lang.reflect.Constructor.newInstance(Constructor.java:486)
at org.openqa.selenium.remote.codec.w3c.W3CHttpResponseCodec.createException(W3CHttpResponseCodec.java:200)
at org.openqa.selenium.remote.codec.w3c.W3CHttpResponseCodec.decode(W3CHttpResponseCodec.java:133)
at org.openqa.selenium.remote.codec.w3c.W3CHttpResponseCodec.decode(W3CHttpResponseCodec.java:52)
at org.openqa.selenium.remote.HttpCommandExecutor.execute(HttpCommandExecutor.java:191)
at org.openqa.selenium.remote.service.DriverCommandExecutor.invokeExecute(DriverCommandExecutor.java:200)
at org.openqa.selenium.remote.service.DriverCommandExecutor.execute(DriverCommandExecutor.java:175)
at org.openqa.selenium.remote.RemoteWebDriver.execute(RemoteWebDriver.java:523)
at org.openqa.selenium.remote.RemoteWebElement.execute(RemoteWebElement.java:224)
at org.openqa.selenium.remote.RemoteWebElement.sendKeys(RemoteWebElement.java:111)
at java.base/jdk.internal.reflect.DirectMethodHandleAccessor.invoke(DirectMethodHandleAccessor.java:103)
at java.base/java.lang.reflect.Method.invoke(Method.java:580)
at org.openqa.selenium.support.pagefactory.internal.LocatingElementHandler.invoke(LocatingElementHandler.java:51)
at jdk.proxy2/jdk.proxy2.$Proxy12.sendKeys(Unknown Source)
at pageobjects.Shoppingcartpage.get_city(Shoppingcartpage.java:270)
at testcases.TC_06_Shoppingcarttest.checkout_the_addingitems(TC_06_Shoppingcarttest.java:69)
at java.base/jdk.internal.reflect.DirectMethodHandleAccessor.invoke(DirectMethodHandleAccessor.java:103)
at java.base/java.lang.reflect.Method.invoke(Method.java:580)
at org.testng.internal.invokers.MethodInvocationHelper.invokeMethod(MethodInvocationHelper.java:139)
at org.testng.internal.invokers.TestInvoker.invokeMethod(TestInvoker.java:664)
at org.testng.internal.invokers.TestInvoker.invokeTestMethod(TestInvoker.java:227)
at org.testng.internal.invokers.MethodRunner.runInSequence(MethodRunner.java:50)
at org.testng.internal.invokers.TestInvoker$MethodInvocationAgent.invoke(TestInvoker.java:957)
at org.testng.internal.invokers.TestInvoker.invokeTestMethods(TestInvoker.java:200)
at org.testng.internal.invokers.TestMethodWorker.invokeTestMethods(TestMethodWorker.java:148)
at org.testng.internal.invokers.TestMethodWorker.run(TestMethodWorker.java:128)
at java.base/java.util.ArrayList.forEach(ArrayList.java:1596)
at org.testng.TestRunner.privateRun(TestRunner.java:848)
at org.testng.TestRunner.run(TestRunner.java:621)
at org.testng.SuiteRunner.runTest(SuiteRunner.java:443)
at org.testng.SuiteRunner.runSequentially(SuiteRunner.java:437)
at org.testng.SuiteRunner.privateRun(SuiteRunner.java:397)
at org.testng.SuiteRunner.run(SuiteRunner.java:336)
at org.testng.SuiteRunnerWorker.runSuite(SuiteRunnerWorker.java:52)
at org.testng.SuiteRunnerWorker.run(SuiteRunnerWorker.java:95)
at org.testng.TestNG.runSuitesSequentially(TestNG.java:1280)
at org.testng.TestNG.runSuitesLocally(TestNG.java:1200)
at org.testng.TestNG.runSuites(TestNG.java:1114)
at org.testng.TestNG.run(TestNG.java:1082)
at org.apache.maven.surefire.testng.TestNGExecutor.run(TestNGExecutor.java:284)
at org.apache.maven.surefire.testng.TestNGXmlTestSuite.execute(TestNGXmlTestSuite.java:75)
at org.apache.maven.surefire.testng.TestNGProvider.invoke(TestNGProvider.java:119)
at org.apache.maven.surefire.booter.ForkedBooter.runSuitesInProcess(ForkedBooter.java:428)
at org.apache.maven.surefire.booter.ForkedBooter.execute(ForkedBooter.java:162)
at org.apache.maven.surefire.booter.ForkedBooter.run(ForkedBooter.java:562)
at org.apache.maven.surefire.booter.ForkedBooter.main(ForkedBooter.java:548)
]]>
            </full-stacktrace>
          </exception> <!-- org.openqa.selenium.ElementNotInteractableException -->
          <reporter-output>
          </reporter-output>
        </test-method> <!-- checkout_the_addingitems -->
        <test-method is-config="true" signature="close()[pri:0, instance:testcases.TC_06_Shoppingcarttest@5a59ca5e]" started-at="2024-02-15T00:36:56 IST" name="close" finished-at="2024-02-15T00:36:58 IST" duration-ms="1346" status="PASS">
          <reporter-output>
          </reporter-output>
        </test-method> <!-- close -->
        <test-method is-config="true" signature="startup()[pri:0, instance:testcases.TC_06_Shoppingcarttest@5a59ca5e]" started-at="2024-02-15T00:36:58 IST" name="startup" finished-at="2024-02-15T00:37:18 IST" duration-ms="20614" status="PASS">
          <reporter-output>
          </reporter-output>
        </test-method> <!-- startup -->
        <test-method signature="search_additemto_cart()[pri:0, instance:testcases.TC_06_Shoppingcarttest@5a59ca5e]" started-at="2024-02-15T00:37:18 IST" name="search_additemto_cart" finished-at="2024-02-15T00:37:49 IST" duration-ms="30602" status="PASS">
          <reporter-output>
          </reporter-output>
        </test-method> <!-- search_additemto_cart -->
        <test-method is-config="true" signature="close()[pri:0, instance:testcases.TC_06_Shoppingcarttest@5a59ca5e]" started-at="2024-02-15T00:37:49 IST" name="close" finished-at="2024-02-15T00:37:50 IST" duration-ms="819" status="PASS">
          <reporter-output>
          </reporter-output>
        </test-method> <!-- close -->
      </class> <!-- testcases.TC_06_Shoppingcarttest -->
      <class name="testcases.TC_06a_shopbybrand">
        <test-method is-config="true" signature="startup()[pri:0, instance:testcases.TC_06a_shopbybrand@4f32a3ad]" started-at="2024-02-15T00:52:27 IST" name="startup" finished-at="2024-02-15T00:52:44 IST" duration-ms="16296" status="PASS">
          <reporter-output>
          </reporter-output>
        </test-method> <!-- startup -->
        <test-method signature="additem_shobby_brand()[pri:0, instance:testcases.TC_06a_shopbybrand@4f32a3ad]" started-at="2024-02-15T00:52:44 IST" name="additem_shobby_brand" finished-at="2024-02-15T00:53:56 IST" duration-ms="72608" status="PASS">
          <reporter-output>
          </reporter-output>
        </test-method> <!-- additem_shobby_brand -->
        <test-method is-config="true" signature="close()[pri:0, instance:testcases.TC_06a_shopbybrand@4f32a3ad]" started-at="2024-02-15T00:53:56 IST" name="close" finished-at="2024-02-15T00:53:58 IST" duration-ms="1632" status="PASS">
          <reporter-output>
          </reporter-output>
        </test-method> <!-- close -->
      </class> <!-- testcases.TC_06a_shopbybrand -->
      <class name="testcases.TC_05_Bottomlinktest">
        <test-method is-config="true" signature="startup()[pri:0, instance:testcases.TC_05_Bottomlinktest@6c4906d3]" started-at="2024-02-15T00:44:47 IST" name="startup" finished-at="2024-02-15T00:44:54 IST" duration-ms="6800" status="PASS">
          <reporter-output>
          </reporter-output>
        </test-method> <!-- startup -->
        <test-method signature="verify_BestBuy_details()[pri:0, instance:testcases.TC_05_Bottomlinktest@6c4906d3]" started-at="2024-02-15T00:44:54 IST" name="verify_BestBuy_details" finished-at="2024-02-15T00:45:32 IST" duration-ms="37869" status="PASS">
          <reporter-output>
          </reporter-output>
        </test-method> <!-- verify_BestBuy_details -->
        <test-method is-config="true" signature="close()[pri:0, instance:testcases.TC_05_Bottomlinktest@6c4906d3]" started-at="2024-02-15T00:45:32 IST" name="close" finished-at="2024-02-15T00:45:34 IST" duration-ms="1742" status="PASS">
          <reporter-output>
          </reporter-output>
        </test-method> <!-- close -->
        <test-method is-config="true" signature="startup()[pri:0, instance:testcases.TC_05_Bottomlinktest@6c4906d3]" started-at="2024-02-15T00:45:34 IST" name="startup" finished-at="2024-02-15T00:45:48 IST" duration-ms="13870" status="PASS">
          <reporter-output>
          </reporter-output>
        </test-method> <!-- startup -->
        <test-method signature="verify_order_purchase_menuitems()[pri:0, instance:testcases.TC_05_Bottomlinktest@6c4906d3]" started-at="2024-02-15T00:45:48 IST" name="verify_order_purchase_menuitems" finished-at="2024-02-15T00:46:15 IST" duration-ms="27349" status="PASS">
          <reporter-output>
          </reporter-output>
        </test-method> <!-- verify_order_purchase_menuitems -->
        <test-method is-config="true" signature="close()[pri:0, instance:testcases.TC_05_Bottomlinktest@6c4906d3]" started-at="2024-02-15T00:46:15 IST" name="close" finished-at="2024-02-15T00:46:16 IST" duration-ms="1274" status="PASS">
          <reporter-output>
          </reporter-output>
        </test-method> <!-- close -->
        <test-method is-config="true" signature="startup()[pri:0, instance:testcases.TC_05_Bottomlinktest@6c4906d3]" started-at="2024-02-15T00:46:16 IST" name="startup" finished-at="2024-02-15T00:46:38 IST" duration-ms="22009" status="PASS">
          <reporter-output>
          </reporter-output>
        </test-method> <!-- startup -->
        <test-method signature="verify_patnership_details()[pri:0, instance:testcases.TC_05_Bottomlinktest@6c4906d3]" started-at="2024-02-15T00:46:38 IST" name="verify_patnership_details" finished-at="2024-02-15T00:47:06 IST" duration-ms="27916" status="PASS">
          <reporter-output>
          </reporter-output>
        </test-method> <!-- verify_patnership_details -->
        <test-method is-config="true" signature="close()[pri:0, instance:testcases.TC_05_Bottomlinktest@6c4906d3]" started-at="2024-02-15T00:47:06 IST" name="close" finished-at="2024-02-15T00:47:07 IST" duration-ms="762" status="PASS">
          <reporter-output>
          </reporter-output>
        </test-method> <!-- close -->
        <test-method is-config="true" signature="startup()[pri:0, instance:testcases.TC_05_Bottomlinktest@6c4906d3]" started-at="2024-02-15T00:47:07 IST" name="startup" finished-at="2024-02-15T00:47:21 IST" duration-ms="14547" status="PASS">
          <reporter-output>
          </reporter-output>
        </test-method> <!-- startup -->
        <test-method signature="verify_payment_details()[pri:0, instance:testcases.TC_05_Bottomlinktest@6c4906d3]" started-at="2024-02-15T00:47:21 IST" name="verify_payment_details" finished-at="2024-02-15T00:47:45 IST" duration-ms="23747" status="PASS">
          <reporter-output>
          </reporter-output>
        </test-method> <!-- verify_payment_details -->
        <test-method is-config="true" signature="close()[pri:0, instance:testcases.TC_05_Bottomlinktest@6c4906d3]" started-at="2024-02-15T00:47:45 IST" name="close" finished-at="2024-02-15T00:47:46 IST" duration-ms="671" status="PASS">
          <reporter-output>
          </reporter-output>
        </test-method> <!-- close -->
        <test-method is-config="true" signature="startup()[pri:0, instance:testcases.TC_05_Bottomlinktest@6c4906d3]" started-at="2024-02-15T00:47:46 IST" name="startup" finished-at="2024-02-15T00:47:55 IST" duration-ms="8755" status="PASS">
          <reporter-output>
          </reporter-output>
        </test-method> <!-- startup -->
        <test-method signature="verify_reward_membership_details()[pri:0, instance:testcases.TC_05_Bottomlinktest@6c4906d3]" started-at="2024-02-15T00:47:55 IST" name="verify_reward_membership_details" finished-at="2024-02-15T00:48:16 IST" duration-ms="21688" status="PASS">
          <reporter-output>
          </reporter-output>
        </test-method> <!-- verify_reward_membership_details -->
        <test-method is-config="true" signature="close()[pri:0, instance:testcases.TC_05_Bottomlinktest@6c4906d3]" started-at="2024-02-15T00:48:16 IST" name="close" finished-at="2024-02-15T00:48:17 IST" duration-ms="513" status="PASS">
          <reporter-output>
          </reporter-output>
        </test-method> <!-- close -->
        <test-method is-config="true" signature="startup()[pri:0, instance:testcases.TC_05_Bottomlinktest@6c4906d3]" started-at="2024-02-15T00:48:17 IST" name="startup" finished-at="2024-02-15T00:48:38 IST" duration-ms="20999" status="PASS">
          <reporter-output>
          </reporter-output>
        </test-method> <!-- startup -->
        <test-method signature="verify_support_service_details()[pri:0, instance:testcases.TC_05_Bottomlinktest@6c4906d3]" started-at="2024-02-15T00:48:38 IST" name="verify_support_service_details" finished-at="2024-02-15T00:48:59 IST" duration-ms="20985" status="PASS">
          <reporter-output>
          </reporter-output>
        </test-method> <!-- verify_support_service_details -->
        <test-method is-config="true" signature="close()[pri:0, instance:testcases.TC_05_Bottomlinktest@6c4906d3]" started-at="2024-02-15T00:48:59 IST" name="close" finished-at="2024-02-15T00:49:00 IST" duration-ms="1521" status="PASS">
          <reporter-output>
          </reporter-output>
        </test-method> <!-- close -->
      </class> <!-- testcases.TC_05_Bottomlinktest -->
      <class name="testcases.TC_01_Homepagetest">
        <test-method is-config="true" signature="startup()[pri:0, instance:testcases.TC_01_Homepagetest@4bdeaabb]" started-at="2024-02-15T00:37:50 IST" name="startup" finished-at="2024-02-15T00:37:57 IST" duration-ms="7220" status="PASS">
          <reporter-output>
          </reporter-output>
        </test-method> <!-- startup -->
        <test-method signature="Pickup()[pri:0, instance:testcases.TC_01_Homepagetest@4bdeaabb]" started-at="2024-02-15T00:37:57 IST" name="Pickup" finished-at="2024-02-15T00:38:22 IST" duration-ms="25356" status="PASS">
          <reporter-output>
          </reporter-output>
        </test-method> <!-- Pickup -->
        <test-method is-config="true" signature="close()[pri:0, instance:testcases.TC_01_Homepagetest@4bdeaabb]" started-at="2024-02-15T00:38:22 IST" name="close" finished-at="2024-02-15T00:38:26 IST" duration-ms="4031" status="PASS">
          <reporter-output>
          </reporter-output>
        </test-method> <!-- close -->
        <test-method is-config="true" signature="startup()[pri:0, instance:testcases.TC_01_Homepagetest@4bdeaabb]" started-at="2024-02-15T00:38:26 IST" name="startup" finished-at="2024-02-15T00:38:33 IST" duration-ms="6839" status="PASS">
          <reporter-output>
          </reporter-output>
        </test-method> <!-- startup -->
        <test-method signature="Return_Exchange()[pri:0, instance:testcases.TC_01_Homepagetest@4bdeaabb]" started-at="2024-02-15T00:38:33 IST" name="Return_Exchange" finished-at="2024-02-15T00:39:04 IST" duration-ms="31080" status="PASS">
          <reporter-output>
          </reporter-output>
        </test-method> <!-- Return_Exchange -->
        <test-method is-config="true" signature="close()[pri:0, instance:testcases.TC_01_Homepagetest@4bdeaabb]" started-at="2024-02-15T00:39:04 IST" name="close" finished-at="2024-02-15T00:39:06 IST" duration-ms="2000" status="PASS">
          <reporter-output>
          </reporter-output>
        </test-method> <!-- close -->
        <test-method is-config="true" signature="startup()[pri:0, instance:testcases.TC_01_Homepagetest@4bdeaabb]" started-at="2024-02-15T00:39:06 IST" name="startup" finished-at="2024-02-15T00:39:14 IST" duration-ms="8025" status="PASS">
          <reporter-output>
          </reporter-output>
        </test-method> <!-- startup -->
        <test-method signature="checkorderstatus()[pri:0, instance:testcases.TC_01_Homepagetest@4bdeaabb]" started-at="2024-02-15T00:39:14 IST" name="checkorderstatus" finished-at="2024-02-15T00:39:36 IST" duration-ms="22301" status="PASS">
          <reporter-output>
          </reporter-output>
        </test-method> <!-- checkorderstatus -->
        <test-method is-config="true" signature="close()[pri:0, instance:testcases.TC_01_Homepagetest@4bdeaabb]" started-at="2024-02-15T00:39:36 IST" name="close" finished-at="2024-02-15T00:39:37 IST" duration-ms="726" status="PASS">
          <reporter-output>
          </reporter-output>
        </test-method> <!-- close -->
        <test-method is-config="true" signature="startup()[pri:0, instance:testcases.TC_01_Homepagetest@4bdeaabb]" started-at="2024-02-15T00:39:37 IST" name="startup" finished-at="2024-02-15T00:39:45 IST" duration-ms="7329" status="PASS">
          <reporter-output>
          </reporter-output>
        </test-method> <!-- startup -->
        <test-method signature="searchmob_click()[pri:0, instance:testcases.TC_01_Homepagetest@4bdeaabb]" started-at="2024-02-15T00:39:45 IST" name="searchmob_click" finished-at="2024-02-15T00:40:25 IST" duration-ms="40405" status="FAIL">
          <exception class="org.openqa.selenium.NoSuchElementException">
            <message>
              <![CDATA[no such element: Unable to locate element: {"method":"xpath","selector":"//div[@class="row remove-margin full-bleed-row"]//div[6]"}
  (Session info: chrome=121.0.6167.161)
For documentation on this error, please visit: https://www.selenium.dev/documentation/webdriver/troubleshooting/errors#no-such-element-exception
Build info: version: '4.16.0', revision: '15400459dd*'
System info: os.name: 'Windows 10', os.arch: 'amd64', os.version: '10.0', java.version: '21.0.1'
Driver info: org.openqa.selenium.chrome.ChromeDriver
Command: [2e42b7c62438f2bee61367eb020ce6a6, findElement {using=xpath, value=//div[@class="row remove-margin full-bleed-row"]//div[6]}]
Capabilities {acceptInsecureCerts: false, browserName: chrome, browserVersion: 121.0.6167.161, chrome: {chromedriverVersion: 121.0.6167.85 (3f98d690ad7e..., userDataDir: C:\Program Files\scoped_dir...}, fedcm:accounts: true, goog:chromeOptions: {debuggerAddress: localhost:52268}, networkConnectionEnabled: false, pageLoadStrategy: normal, platformName: windows, proxy: Proxy(), se:cdp: ws://localhost:52268/devtoo..., se:cdpVersion: 121.0.6167.161, setWindowRect: true, strictFileInteractability: false, timeouts: {implicit: 0, pageLoad: 300000, script: 30000}, unhandledPromptBehavior: dismiss and notify, webauthn:extension:credBlob: true, webauthn:extension:largeBlob: true, webauthn:extension:minPinLength: true, webauthn:extension:prf: true, webauthn:virtualAuthenticators: true}
Session ID: 2e42b7c62438f2bee61367eb020ce6a6]]>
            </message>
            <full-stacktrace>
              <![CDATA[org.openqa.selenium.NoSuchElementException: no such element: Unable to locate element: {"method":"xpath","selector":"//div[@class="row remove-margin full-bleed-row"]//div[6]"}
  (Session info: chrome=121.0.6167.161)
For documentation on this error, please visit: https://www.selenium.dev/documentation/webdriver/troubleshooting/errors#no-such-element-exception
Build info: version: '4.16.0', revision: '15400459dd*'
System info: os.name: 'Windows 10', os.arch: 'amd64', os.version: '10.0', java.version: '21.0.1'
Driver info: org.openqa.selenium.chrome.ChromeDriver
Command: [2e42b7c62438f2bee61367eb020ce6a6, findElement {using=xpath, value=//div[@class="row remove-margin full-bleed-row"]//div[6]}]
Capabilities {acceptInsecureCerts: false, browserName: chrome, browserVersion: 121.0.6167.161, chrome: {chromedriverVersion: 121.0.6167.85 (3f98d690ad7e..., userDataDir: C:\Program Files\scoped_dir...}, fedcm:accounts: true, goog:chromeOptions: {debuggerAddress: localhost:52268}, networkConnectionEnabled: false, pageLoadStrategy: normal, platformName: windows, proxy: Proxy(), se:cdp: ws://localhost:52268/devtoo..., se:cdpVersion: 121.0.6167.161, setWindowRect: true, strictFileInteractability: false, timeouts: {implicit: 0, pageLoad: 300000, script: 30000}, unhandledPromptBehavior: dismiss and notify, webauthn:extension:credBlob: true, webauthn:extension:largeBlob: true, webauthn:extension:minPinLength: true, webauthn:extension:prf: true, webauthn:virtualAuthenticators: true}
Session ID: 2e42b7c62438f2bee61367eb020ce6a6
at java.base/jdk.internal.reflect.DirectConstructorHandleAccessor.newInstance(DirectConstructorHandleAccessor.java:62)
at java.base/java.lang.reflect.Constructor.newInstanceWithCaller(Constructor.java:502)
at java.base/java.lang.reflect.Constructor.newInstance(Constructor.java:486)
at org.openqa.selenium.remote.codec.w3c.W3CHttpResponseCodec.createException(W3CHttpResponseCodec.java:200)
at org.openqa.selenium.remote.codec.w3c.W3CHttpResponseCodec.decode(W3CHttpResponseCodec.java:133)
at org.openqa.selenium.remote.codec.w3c.W3CHttpResponseCodec.decode(W3CHttpResponseCodec.java:52)
at org.openqa.selenium.remote.HttpCommandExecutor.execute(HttpCommandExecutor.java:191)
at org.openqa.selenium.remote.service.DriverCommandExecutor.invokeExecute(DriverCommandExecutor.java:200)
at org.openqa.selenium.remote.service.DriverCommandExecutor.execute(DriverCommandExecutor.java:175)
at org.openqa.selenium.remote.RemoteWebDriver.execute(RemoteWebDriver.java:523)
at org.openqa.selenium.remote.ElementLocation$ElementFinder$2.findElement(ElementLocation.java:165)
at org.openqa.selenium.remote.ElementLocation.findElement(ElementLocation.java:59)
at org.openqa.selenium.remote.RemoteWebDriver.findElement(RemoteWebDriver.java:360)
at org.openqa.selenium.remote.RemoteWebDriver.findElement(RemoteWebDriver.java:354)
at org.openqa.selenium.support.pagefactory.DefaultElementLocator.findElement(DefaultElementLocator.java:68)
at org.openqa.selenium.support.pagefactory.internal.LocatingElementHandler.invoke(LocatingElementHandler.java:38)
at jdk.proxy2/jdk.proxy2.$Proxy12.isDisplayed(Unknown Source)
at pageobjects.Homepage.click_searchmob(Homepage.java:68)
at testcases.TC_01_Homepagetest.searchmob_click(TC_01_Homepagetest.java:29)
at java.base/jdk.internal.reflect.DirectMethodHandleAccessor.invoke(DirectMethodHandleAccessor.java:103)
at java.base/java.lang.reflect.Method.invoke(Method.java:580)
at org.testng.internal.invokers.MethodInvocationHelper.invokeMethod(MethodInvocationHelper.java:139)
at org.testng.internal.invokers.TestInvoker.invokeMethod(TestInvoker.java:664)
at org.testng.internal.invokers.TestInvoker.invokeTestMethod(TestInvoker.java:227)
at org.testng.internal.invokers.MethodRunner.runInSequence(MethodRunner.java:50)
at org.testng.internal.invokers.TestInvoker$MethodInvocationAgent.invoke(TestInvoker.java:957)
at org.testng.internal.invokers.TestInvoker.invokeTestMethods(TestInvoker.java:200)
at org.testng.internal.invokers.TestMethodWorker.invokeTestMethods(TestMethodWorker.java:148)
at org.testng.internal.invokers.TestMethodWorker.run(TestMethodWorker.java:128)
at java.base/java.util.ArrayList.forEach(ArrayList.java:1596)
at org.testng.TestRunner.privateRun(TestRunner.java:848)
at org.testng.TestRunner.run(TestRunner.java:621)
at org.testng.SuiteRunner.runTest(SuiteRunner.java:443)
at org.testng.SuiteRunner.runSequentially(SuiteRunner.java:437)
at org.testng.SuiteRunner.privateRun(SuiteRunner.java:397)
at org.testng.SuiteRunner.run(SuiteRunner.java:336)
at org.testng.SuiteRunnerWorker.runSuite(SuiteRunnerWorker.java:52)
at org.testng.SuiteRunnerWorker.run(SuiteRunnerWorker.java:95)
at org.testng.TestNG.runSuitesSequentially(TestNG.java:1280)
at org.testng.TestNG.runSuitesLocally(TestNG.java:1200)
at org.testng.TestNG.runSuites(TestNG.java:1114)
at org.testng.TestNG.run(TestNG.java:1082)
at org.apache.maven.surefire.testng.TestNGExecutor.run(TestNGExecutor.java:284)
at org.apache.maven.surefire.testng.TestNGXmlTestSuite.execute(TestNGXmlTestSuite.java:75)
at org.apache.maven.surefire.testng.TestNGProvider.invoke(TestNGProvider.java:119)
at org.apache.maven.surefire.booter.ForkedBooter.runSuitesInProcess(ForkedBooter.java:428)
at org.apache.maven.surefire.booter.ForkedBooter.execute(ForkedBooter.java:162)
at org.apache.maven.surefire.booter.ForkedBooter.run(ForkedBooter.java:562)
at org.apache.maven.surefire.booter.ForkedBooter.main(ForkedBooter.java:548)
]]>
            </full-stacktrace>
          </exception> <!-- org.openqa.selenium.NoSuchElementException -->
          <reporter-output>
          </reporter-output>
        </test-method> <!-- searchmob_click -->
        <test-method is-config="true" signature="close()[pri:0, instance:testcases.TC_01_Homepagetest@4bdeaabb]" started-at="2024-02-15T00:40:25 IST" name="close" finished-at="2024-02-15T00:40:26 IST" duration-ms="427" status="PASS">
          <reporter-output>
          </reporter-output>
        </test-method> <!-- close -->
        <test-method is-config="true" signature="startup()[pri:0, instance:testcases.TC_01_Homepagetest@4bdeaabb]" started-at="2024-02-15T00:40:26 IST" name="startup" finished-at="2024-02-15T00:40:34 IST" duration-ms="7740" status="PASS">
          <reporter-output>
          </reporter-output>
        </test-method> <!-- startup -->
        <test-method signature="verify_allmenuitems_on_homepage()[pri:0, instance:testcases.TC_01_Homepagetest@4bdeaabb]" started-at="2024-02-15T00:40:34 IST" name="verify_allmenuitems_on_homepage" finished-at="2024-02-15T00:41:03 IST" duration-ms="29343" status="PASS">
          <reporter-output>
          </reporter-output>
        </test-method> <!-- verify_allmenuitems_on_homepage -->
        <test-method is-config="true" signature="close()[pri:0, instance:testcases.TC_01_Homepagetest@4bdeaabb]" started-at="2024-02-15T00:41:03 IST" name="close" finished-at="2024-02-15T00:41:04 IST" duration-ms="911" status="PASS">
          <reporter-output>
          </reporter-output>
        </test-method> <!-- close -->
        <test-method is-config="true" signature="startup()[pri:0, instance:testcases.TC_01_Homepagetest@4bdeaabb]" started-at="2024-02-15T00:41:04 IST" name="startup" finished-at="2024-02-15T00:41:11 IST" duration-ms="7475" status="PASS">
          <reporter-output>
          </reporter-output>
        </test-method> <!-- startup -->
        <test-method signature="verify_recentlyviewed_Title()[pri:0, instance:testcases.TC_01_Homepagetest@4bdeaabb]" started-at="2024-02-15T00:41:11 IST" name="verify_recentlyviewed_Title" finished-at="2024-02-15T00:42:08 IST" duration-ms="56419" status="PASS">
          <reporter-output>
          </reporter-output>
        </test-method> <!-- verify_recentlyviewed_Title -->
        <test-method is-config="true" signature="close()[pri:0, instance:testcases.TC_01_Homepagetest@4bdeaabb]" started-at="2024-02-15T00:42:08 IST" name="close" finished-at="2024-02-15T00:42:08 IST" duration-ms="488" status="PASS">
          <reporter-output>
          </reporter-output>
        </test-method> <!-- close -->
        <test-method is-config="true" signature="startup()[pri:0, instance:testcases.TC_01_Homepagetest@4bdeaabb]" started-at="2024-02-15T00:42:08 IST" name="startup" finished-at="2024-02-15T00:42:16 IST" duration-ms="7781" status="PASS">
          <reporter-output>
          </reporter-output>
        </test-method> <!-- startup -->
        <test-method signature="verify_support_centre_presence()[pri:0, instance:testcases.TC_01_Homepagetest@4bdeaabb]" started-at="2024-02-15T00:42:16 IST" name="verify_support_centre_presence" finished-at="2024-02-15T00:43:22 IST" duration-ms="66292" status="PASS">
          <reporter-output>
          </reporter-output>
        </test-method> <!-- verify_support_centre_presence -->
        <test-method is-config="true" signature="close()[pri:0, instance:testcases.TC_01_Homepagetest@4bdeaabb]" started-at="2024-02-15T00:43:22 IST" name="close" finished-at="2024-02-15T00:43:23 IST" duration-ms="573" status="PASS">
          <reporter-output>
          </reporter-output>
        </test-method> <!-- close -->
        <test-method is-config="true" signature="startup()[pri:0, instance:testcases.TC_01_Homepagetest@4bdeaabb]" started-at="2024-02-15T00:43:23 IST" name="startup" finished-at="2024-02-15T00:43:36 IST" duration-ms="12995" status="PASS">
          <reporter-output>
          </reporter-output>
        </test-method> <!-- startup -->
        <test-method signature="verifylogo_on_homepage()[pri:0, instance:testcases.TC_01_Homepagetest@4bdeaabb]" started-at="2024-02-15T00:43:36 IST" name="verifylogo_on_homepage" finished-at="2024-02-15T00:44:13 IST" duration-ms="37678" status="PASS">
          <reporter-output>
          </reporter-output>
        </test-method> <!-- verifylogo_on_homepage -->
        <test-method is-config="true" signature="close()[pri:0, instance:testcases.TC_01_Homepagetest@4bdeaabb]" started-at="2024-02-15T00:44:13 IST" name="close" finished-at="2024-02-15T00:44:14 IST" duration-ms="408" status="PASS">
          <reporter-output>
          </reporter-output>
        </test-method> <!-- close -->
        <test-method is-config="true" signature="startup()[pri:0, instance:testcases.TC_01_Homepagetest@4bdeaabb]" started-at="2024-02-15T00:44:14 IST" name="startup" finished-at="2024-02-15T00:44:21 IST" duration-ms="6863" status="PASS">
          <reporter-output>
          </reporter-output>
        </test-method> <!-- startup -->
        <test-method signature="verifytitle_on_Homepage()[pri:0, instance:testcases.TC_01_Homepagetest@4bdeaabb]" started-at="2024-02-15T00:44:21 IST" name="verifytitle_on_Homepage" finished-at="2024-02-15T00:44:47 IST" duration-ms="26127" status="PASS">
          <reporter-output>
          </reporter-output>
        </test-method> <!-- verifytitle_on_Homepage -->
        <test-method is-config="true" signature="close()[pri:0, instance:testcases.TC_01_Homepagetest@4bdeaabb]" started-at="2024-02-15T00:44:47 IST" name="close" finished-at="2024-02-15T00:44:47 IST" duration-ms="452" status="PASS">
          <reporter-output>
          </reporter-output>
        </test-method> <!-- close -->
      </class> <!-- testcases.TC_01_Homepagetest -->
      <class name="testcases.TC_04Loginnegativecases">
        <test-method is-config="true" signature="startup()[pri:0, instance:testcases.TC_04Loginnegativecases@4d1bf319]" started-at="2024-02-15T00:55:20 IST" name="startup" finished-at="2024-02-15T00:55:29 IST" duration-ms="9048" status="PASS">
          <reporter-output>
          </reporter-output>
        </test-method> <!-- startup -->
        <test-method signature="Loginpage(java.lang.String,java.lang.String)[pri:0, instance:testcases.TC_04Loginnegativecases@4d1bf319]" started-at="2024-02-15T00:55:29 IST" name="Loginpage" data-provider="login_negativedata" finished-at="2024-02-15T00:56:33 IST" duration-ms="63417" status="PASS">
          <params>
            <param index="0">
              <value>
                <![CDATA[akramkarish26@gmail.com]]>
              </value>
            </param>
            <param index="1">
              <value>
                <![CDATA[admin]]>
              </value>
            </param>
          </params>
          <reporter-output>
            <line>
              <![CDATA[Welcome to loginpage]]>
            </line>
          </reporter-output>
        </test-method> <!-- Loginpage -->
        <test-method is-config="true" signature="close()[pri:0, instance:testcases.TC_04Loginnegativecases@4d1bf319]" started-at="2024-02-15T00:56:33 IST" name="close" finished-at="2024-02-15T00:56:34 IST" duration-ms="1035" status="PASS">
          <reporter-output>
          </reporter-output>
        </test-method> <!-- close -->
        <test-method is-config="true" signature="startup()[pri:0, instance:testcases.TC_04Loginnegativecases@4d1bf319]" started-at="2024-02-15T00:56:34 IST" name="startup" finished-at="2024-02-15T00:56:46 IST" duration-ms="12183" status="PASS">
          <reporter-output>
          </reporter-output>
        </test-method> <!-- startup -->
        <test-method signature="Loginpage(java.lang.String,java.lang.String)[pri:0, instance:testcases.TC_04Loginnegativecases@4d1bf319]" started-at="2024-02-15T00:56:46 IST" name="Loginpage" data-provider="login_negativedata" finished-at="2024-02-15T00:57:30 IST" duration-ms="44264" status="PASS">
          <params>
            <param index="0">
              <value>
                <![CDATA[akramkarish26@gmail.com]]>
              </value>
            </param>
            <param index="1">
              <value>
                <![CDATA[admin123]]>
              </value>
            </param>
          </params>
          <reporter-output>
            <line>
              <![CDATA[Welcome to loginpage]]>
            </line>
          </reporter-output>
        </test-method> <!-- Loginpage -->
        <test-method is-config="true" signature="close()[pri:0, instance:testcases.TC_04Loginnegativecases@4d1bf319]" started-at="2024-02-15T00:57:30 IST" name="close" finished-at="2024-02-15T00:57:33 IST" duration-ms="2738" status="PASS">
          <reporter-output>
          </reporter-output>
        </test-method> <!-- close -->
        <test-method is-config="true" signature="startup()[pri:0, instance:testcases.TC_04Loginnegativecases@4d1bf319]" started-at="2024-02-15T00:57:33 IST" name="startup" finished-at="2024-02-15T00:57:57 IST" duration-ms="23797" status="PASS">
          <reporter-output>
          </reporter-output>
        </test-method> <!-- startup -->
        <test-method signature="Loginpage(java.lang.String,java.lang.String)[pri:0, instance:testcases.TC_04Loginnegativecases@4d1bf319]" started-at="2024-02-15T00:57:57 IST" name="Loginpage" data-provider="login_negativedata" finished-at="2024-02-15T00:58:54 IST" duration-ms="57418" status="PASS">
          <params>
            <param index="0">
              <value>
                <![CDATA[akramkarish26@gmail.com]]>
              </value>
            </param>
            <param index="1">
              <value is-null="true"/>
            </param>
          </params>
          <reporter-output>
            <line>
              <![CDATA[Welcome to loginpage]]>
            </line>
          </reporter-output>
        </test-method> <!-- Loginpage -->
        <test-method is-config="true" signature="close()[pri:0, instance:testcases.TC_04Loginnegativecases@4d1bf319]" started-at="2024-02-15T00:58:54 IST" name="close" finished-at="2024-02-15T00:58:55 IST" duration-ms="886" status="PASS">
          <reporter-output>
          </reporter-output>
        </test-method> <!-- close -->
      </class> <!-- testcases.TC_04Loginnegativecases -->
      <class name="testcases.TC_03_Signuppagetest">
        <test-method is-config="true" signature="startup()[pri:0, instance:testcases.TC_03_Signuppagetest@65987993]" started-at="2024-02-15T00:49:00 IST" name="startup" finished-at="2024-02-15T00:49:16 IST" duration-ms="15616" status="PASS">
          <reporter-output>
          </reporter-output>
        </test-method> <!-- startup -->
        <test-method signature="signup()[pri:0, instance:testcases.TC_03_Signuppagetest@65987993]" started-at="2024-02-15T00:49:16 IST" name="signup" finished-at="2024-02-15T00:49:54 IST" duration-ms="37797" status="PASS">
          <reporter-output>
          </reporter-output>
        </test-method> <!-- signup -->
        <test-method is-config="true" signature="close()[pri:0, instance:testcases.TC_03_Signuppagetest@65987993]" started-at="2024-02-15T00:49:54 IST" name="close" finished-at="2024-02-15T00:49:55 IST" duration-ms="1288" status="PASS">
          <reporter-output>
          </reporter-output>
        </test-method> <!-- close -->
      </class> <!-- testcases.TC_03_Signuppagetest -->
      <class name="testcases.TC_02_Loginpagetest">
        <test-method is-config="true" signature="startup()[pri:0, instance:testcases.TC_02_Loginpagetest@6b695b06]" started-at="2024-02-15T00:53:58 IST" name="startup" finished-at="2024-02-15T00:54:14 IST" duration-ms="15868" status="PASS">
          <reporter-output>
          </reporter-output>
        </test-method> <!-- startup -->
        <test-method signature="Loginpage()[pri:0, instance:testcases.TC_02_Loginpagetest@6b695b06]" started-at="2024-02-15T00:54:14 IST" name="Loginpage" finished-at="2024-02-15T00:55:14 IST" duration-ms="59869" status="PASS">
          <reporter-output>
            <line>
              <![CDATA[Welcome to loginpage]]>
            </line>
          </reporter-output>
        </test-method> <!-- Loginpage -->
        <test-method is-config="true" signature="close()[pri:0, instance:testcases.TC_02_Loginpagetest@6b695b06]" started-at="2024-02-15T00:55:14 IST" name="close" finished-at="2024-02-15T00:55:14 IST" duration-ms="963" status="PASS">
          <reporter-output>
          </reporter-output>
        </test-method> <!-- close -->
      </class> <!-- testcases.TC_02_Loginpagetest -->
      <class name="testcases.TC_06b_shopbydepartment">
        <test-method is-config="true" signature="startup()[pri:0, instance:testcases.TC_06b_shopbydepartment@5890e879]" started-at="2024-02-15T00:32:20 IST" name="startup" finished-at="2024-02-15T00:32:28 IST" duration-ms="8636" status="PASS">
          <reporter-output>
          </reporter-output>
        </test-method> <!-- startup -->
        <test-method signature="add_itemsin_shopbydepartment()[pri:0, instance:testcases.TC_06b_shopbydepartment@5890e879]" started-at="2024-02-15T00:32:28 IST" name="add_itemsin_shopbydepartment" finished-at="2024-02-15T00:33:50 IST" duration-ms="81435" status="PASS">
          <reporter-output>
          </reporter-output>
        </test-method> <!-- add_itemsin_shopbydepartment -->
        <test-method is-config="true" signature="close()[pri:0, instance:testcases.TC_06b_shopbydepartment@5890e879]" started-at="2024-02-15T00:33:50 IST" name="close" finished-at="2024-02-15T00:33:51 IST" duration-ms="1710" status="PASS">
          <reporter-output>
          </reporter-output>
        </test-method> <!-- close -->
      </class> <!-- testcases.TC_06b_shopbydepartment -->
    </test> <!-- Test -->
  </suite> <!-- Suite -->
</testng-results>
