<!DOCTYPE html PUBLIC "-//W3C//DTD XHTML 1.1//EN" "https://www.w3.org/TR/xhtml11/DTD/xhtml11.dtd">
<html xmlns="https://www.w3.org/1999/xhtml">
<head>
<meta http-equiv="content-type" content="text/html; charset=UTF-8"/>
<title>TestNG Report</title>
<style type="text/css">table {margin-bottom:10px;border-collapse:collapse;empty-cells:show}th,td {border:1px solid #009;padding:.25em .5em}th {vertical-align:bottom}td {vertical-align:top}table a {font-weight:bold}.stripe td {background-color: #E6EBF9}.num {text-align:right}.passedodd td {background-color: #3F3}.passedeven td {background-color: #0A0}.skippedodd td {background-color: #DDD}.skippedeven td {background-color: #CCC}.failedodd td,.attn {background-color: #F33}.failedeven td,.stripe .attn {background-color: #D00}.stacktrace {white-space:pre;font-family:monospace}.totop {font-size:85%;text-align:center;border-bottom:2px solid #000}.invisible {display:none}</style>
</head>
<body>
<table>
<tr><th>Test</th><th># Passed</th><th># Skipped</th><th># Retried</th><th># Failed</th><th>Time (ms)</th><th>Included Groups</th><th>Excluded Groups</th></tr>
<tr><th colspan="8">Suite</th></tr>
<tr><td><a href="#t0">Test</a></td><td class="num">23</td><td class="num">0</td><td class="num">0</td><td class="num attn">2</td><td class="num">1,970,162</td><td></td><td></td></tr>
</table>
<table id='summary'><thead><tr><th>Class</th><th>Method</th><th>Start</th><th>Time (ms)</th></tr></thead><tbody><tr><th colspan="4">Suite</th></tr></tbody><tbody id="t0"><tr><th colspan="4">Test &#8212; failed</th></tr><tr class="failedeven"><td rowspan="1">testcases.TC_01_Homepagetest</td><td><a href="#m0">searchmob_click</a></td><td rowspan="1">1707931937179</td><td rowspan="1">46446</td></tr><tr class="failedodd"><td rowspan="1">testcases.TC_06_Shoppingcarttest</td><td><a href="#m1">checkout_the_addingitems</a></td><td rowspan="1">1707931614182</td><td rowspan="1">137236</td></tr><tr><th colspan="4">Test &#8212; passed</th></tr><tr class="passedeven"><td rowspan="8">testcases.TC_01_Homepagetest</td><td><a href="#m2">Pickup</a></td><td rowspan="1">1707931819536</td><td rowspan="1">39057</td></tr><tr class="passedeven"><td><a href="#m3">Return_Exchange</a></td><td rowspan="1">1707931866136</td><td rowspan="1">29731</td></tr><tr class="passedeven"><td><a href="#m4">checkorderstatus</a></td><td rowspan="1">1707931904151</td><td rowspan="1">24969</td></tr><tr class="passedeven"><td><a href="#m5">verify_allmenuitems_on_homepage</a></td><td rowspan="1">1707931994288</td><td rowspan="1">48275</td></tr><tr class="passedeven"><td><a href="#m6">verify_recentlyviewed_Title</a></td><td rowspan="1">1707932054458</td><td rowspan="1">42467</td></tr><tr class="passedeven"><td><a href="#m7">verify_support_centre_presence</a></td><td rowspan="1">1707932108412</td><td rowspan="1">25373</td></tr><tr class="passedeven"><td><a href="#m8">verifylogo_on_homepage</a></td><td rowspan="1">1707932141740</td><td rowspan="1">43184</td></tr><tr class="passedeven"><td><a href="#m9">verifytitle_on_Homepage</a></td><td rowspan="1">1707932206169</td><td rowspan="1">31162</td></tr><tr class="passedodd"><td rowspan="1">testcases.TC_02_Loginpagetest</td><td><a href="#m10">Loginpage</a></td><td rowspan="1">1707933059957</td><td rowspan="1">66074</td></tr><tr class="passedeven"><td rowspan="1">testcases.TC_03_Signuppagetest</td><td><a href="#m11">signup</a></td><td rowspan="1">1707932608179</td><td rowspan="1">83731</td></tr><tr class="passedodd"><td rowspan="3">testcases.TC_04Loginnegativecases</td><td><a href="#m12">Loginpage</a></td><td rowspan="3">1707933338144</td><td rowspan="3">83901</td></tr><tr class="passedodd"><td><a href="#m13">Loginpage</a></td></tr><tr class="passedodd"><td><a href="#m14">Loginpage</a></td></tr><tr class="passedeven"><td rowspan="6">testcases.TC_05_Bottomlinktest</td><td><a href="#m15">verify_BestBuy_details</a></td><td rowspan="1">1707932255591</td><td rowspan="1">42439</td></tr><tr class="passedeven"><td><a href="#m16">verify_order_purchase_menuitems</a></td><td rowspan="1">1707932309033</td><td rowspan="1">39398</td></tr><tr class="passedeven"><td><a href="#m17">verify_patnership_details</a></td><td rowspan="1">1707932360481</td><td rowspan="1">43975</td></tr><tr class="passedeven"><td><a href="#m18">verify_payment_details</a></td><td rowspan="1">1707932415501</td><td rowspan="1">34519</td></tr><tr class="passedeven"><td><a href="#m19">verify_reward_membership_details</a></td><td rowspan="1">1707932474197</td><td rowspan="1">48620</td></tr><tr class="passedeven"><td><a href="#m20">verify_support_service_details</a></td><td rowspan="1">1707932534321</td><td rowspan="1">57047</td></tr><tr class="passedodd"><td rowspan="1">testcases.TC_06_Shoppingcarttest</td><td><a href="#m21">search_additemto_cart</a></td><td rowspan="1">1707931759859</td><td rowspan="1">47774</td></tr><tr class="passedeven"><td rowspan="1">testcases.TC_06a_shopbybrand</td><td><a href="#m22">additem_shobby_brand</a></td><td rowspan="1">1707932969607</td><td rowspan="1">74644</td></tr><tr class="passedodd"><td rowspan="1">testcases.TC_06b_shopbydepartment</td><td><a href="#m23">add_itemsin_shopbydepartment</a></td><td rowspan="1">1707931491482</td><td rowspan="1">103359</td></tr><tr class="passedeven"><td rowspan="1">testcases.TC_07_checkoutpagetest</td><td><a href="#m24">checkout_the_addingitems</a></td><td rowspan="1">1707932708691</td><td rowspan="1">236053</td></tr></tbody>
</table>
<h2>Test</h2><h3 id="m0">testcases.TC_01_Homepagetest#searchmob_click</h3><table class="result"><tr><th>Exception</th></tr><tr><td><div class="stacktrace">org.openqa.selenium.NoSuchElementException: no such element: Unable to locate element: {&quot;method&quot;:&quot;xpath&quot;,&quot;selector&quot;:&quot;//div[@class=&quot;row remove-margin full-bleed-row&quot;]//div[6]&quot;}
  (Session info: chrome=121.0.6167.161)
For documentation on this error, please visit: https://www.selenium.dev/documentation/webdriver/troubleshooting/errors#no-such-element-exception
Build info: version: &apos;4.16.0&apos;, revision: &apos;15400459dd*&apos;
System info: os.name: &apos;Windows 10&apos;, os.arch: &apos;amd64&apos;, os.version: &apos;10.0&apos;, java.version: &apos;21.0.1&apos;
Driver info: org.openqa.selenium.chrome.ChromeDriver
Command: [fc37146b579d8bd5995c39b85fed7292, findElement {using=xpath, value=//div[@class=&quot;row remove-margin full-bleed-row&quot;]//div[6]}]
Capabilities {acceptInsecureCerts: false, browserName: chrome, browserVersion: 121.0.6167.161, chrome: {chromedriverVersion: 121.0.6167.85 (3f98d690ad7e..., userDataDir: C:\Program Files\scoped_dir...}, fedcm:accounts: true, goog:chromeOptions: {debuggerAddress: localhost:58882}, networkConnectionEnabled: false, pageLoadStrategy: normal, platformName: windows, proxy: Proxy(), se:cdp: ws://localhost:58882/devtoo..., se:cdpVersion: 121.0.6167.161, setWindowRect: true, strictFileInteractability: false, timeouts: {implicit: 0, pageLoad: 300000, script: 30000}, unhandledPromptBehavior: dismiss and notify, webauthn:extension:credBlob: true, webauthn:extension:largeBlob: true, webauthn:extension:minPinLength: true, webauthn:extension:prf: true, webauthn:virtualAuthenticators: true}
Session ID: fc37146b579d8bd5995c39b85fed7292
	at org.openqa.selenium.remote.codec.w3c.W3CHttpResponseCodec.createException(W3CHttpResponseCodec.java:200)
	at org.openqa.selenium.remote.codec.w3c.W3CHttpResponseCodec.decode(W3CHttpResponseCodec.java:133)
	at org.openqa.selenium.remote.codec.w3c.W3CHttpResponseCodec.decode(W3CHttpResponseCodec.java:52)
	at org.openqa.selenium.remote.HttpCommandExecutor.execute(HttpCommandExecutor.java:191)
	at org.openqa.selenium.remote.service.DriverCommandExecutor.invokeExecute(DriverCommandExecutor.java:200)
	at org.openqa.selenium.remote.service.DriverCommandExecutor.execute(DriverCommandExecutor.java:175)
	at org.openqa.selenium.remote.RemoteWebDriver.execute(RemoteWebDriver.java:523)
	at org.openqa.selenium.remote.ElementLocation$ElementFinder$2.findElement(ElementLocation.java:165)
	at org.openqa.selenium.remote.ElementLocation.findElement(ElementLocation.java:59)
	at org.openqa.selenium.remote.RemoteWebDriver.findElement(RemoteWebDriver.java:360)
	at org.openqa.selenium.remote.RemoteWebDriver.findElement(RemoteWebDriver.java:354)
	at org.openqa.selenium.support.pagefactory.DefaultElementLocator.findElement(DefaultElementLocator.java:68)
	at org.openqa.selenium.support.pagefactory.internal.LocatingElementHandler.invoke(LocatingElementHandler.java:38)
	at jdk.proxy2/jdk.proxy2.$Proxy16.isDisplayed(Unknown Source)
	at pageobjects.Homepage.click_searchmob(Homepage.java:68)
	at testcases.TC_01_Homepagetest.searchmob_click(TC_01_Homepagetest.java:29)
	at java.base/java.util.ArrayList.forEach(ArrayList.java:1596)
... Removed 28 stack frames</div></td></tr></table><p class="totop"><a href="#summary">back to summary</a></p>
<h3 id="m1">testcases.TC_06_Shoppingcarttest#checkout_the_addingitems</h3><table class="result"><tr><th>Exception</th></tr><tr><td><div class="stacktrace">org.openqa.selenium.NoSuchElementException: no such element: Unable to locate element: {&quot;method&quot;:&quot;xpath&quot;,&quot;selector&quot;:&quot;//span[text()=&quot;Cart&quot;]&quot;}
  (Session info: chrome=121.0.6167.161)
For documentation on this error, please visit: https://www.selenium.dev/documentation/webdriver/troubleshooting/errors#no-such-element-exception
Build info: version: &apos;4.16.0&apos;, revision: &apos;15400459dd*&apos;
System info: os.name: &apos;Windows 10&apos;, os.arch: &apos;amd64&apos;, os.version: &apos;10.0&apos;, java.version: &apos;21.0.1&apos;
Driver info: org.openqa.selenium.chrome.ChromeDriver
Command: [40f73f3430006f334a9136dc1cf8f7f7, findElement {using=xpath, value=//span[text()=&quot;Cart&quot;]}]
Capabilities {acceptInsecureCerts: false, browserName: chrome, browserVersion: 121.0.6167.161, chrome: {chromedriverVersion: 121.0.6167.85 (3f98d690ad7e..., userDataDir: C:\Program Files\scoped_dir...}, fedcm:accounts: true, goog:chromeOptions: {debuggerAddress: localhost:58144}, networkConnectionEnabled: false, pageLoadStrategy: normal, platformName: windows, proxy: Proxy(), se:cdp: ws://localhost:58144/devtoo..., se:cdpVersion: 121.0.6167.161, setWindowRect: true, strictFileInteractability: false, timeouts: {implicit: 0, pageLoad: 300000, script: 30000}, unhandledPromptBehavior: dismiss and notify, webauthn:extension:credBlob: true, webauthn:extension:largeBlob: true, webauthn:extension:minPinLength: true, webauthn:extension:prf: true, webauthn:virtualAuthenticators: true}
Session ID: 40f73f3430006f334a9136dc1cf8f7f7
	at org.openqa.selenium.remote.codec.w3c.W3CHttpResponseCodec.createException(W3CHttpResponseCodec.java:200)
	at org.openqa.selenium.remote.codec.w3c.W3CHttpResponseCodec.decode(W3CHttpResponseCodec.java:133)
	at org.openqa.selenium.remote.codec.w3c.W3CHttpResponseCodec.decode(W3CHttpResponseCodec.java:52)
	at org.openqa.selenium.remote.HttpCommandExecutor.execute(HttpCommandExecutor.java:191)
	at org.openqa.selenium.remote.service.DriverCommandExecutor.invokeExecute(DriverCommandExecutor.java:200)
	at org.openqa.selenium.remote.service.DriverCommandExecutor.execute(DriverCommandExecutor.java:175)
	at org.openqa.selenium.remote.RemoteWebDriver.execute(RemoteWebDriver.java:523)
	at org.openqa.selenium.remote.ElementLocation$ElementFinder$2.findElement(ElementLocation.java:165)
	at org.openqa.selenium.remote.ElementLocation.findElement(ElementLocation.java:59)
	at org.openqa.selenium.remote.RemoteWebDriver.findElement(RemoteWebDriver.java:360)
	at org.openqa.selenium.remote.RemoteWebDriver.findElement(RemoteWebDriver.java:354)
	at org.openqa.selenium.support.pagefactory.DefaultElementLocator.findElement(DefaultElementLocator.java:68)
	at org.openqa.selenium.support.pagefactory.internal.LocatingElementHandler.invoke(LocatingElementHandler.java:38)
	at jdk.proxy2/jdk.proxy2.$Proxy16.click(Unknown Source)
	at pageobjects.Shoppingcartpage.Gotocart(Shoppingcartpage.java:135)
	at testcases.TC_06_Shoppingcarttest.checkout_the_addingitems(TC_06_Shoppingcarttest.java:37)
	at java.base/java.util.ArrayList.forEach(ArrayList.java:1596)
... Removed 28 stack frames</div></td></tr></table><p class="totop"><a href="#summary">back to summary</a></p>
<h3 id="m2">testcases.TC_01_Homepagetest#Pickup</h3><table class="result"><tr><th class="invisible"/></tr></table><p class="totop"><a href="#summary">back to summary</a></p>
<h3 id="m3">testcases.TC_01_Homepagetest#Return_Exchange</h3><table class="result"><tr><th class="invisible"/></tr></table><p class="totop"><a href="#summary">back to summary</a></p>
<h3 id="m4">testcases.TC_01_Homepagetest#checkorderstatus</h3><table class="result"><tr><th class="invisible"/></tr></table><p class="totop"><a href="#summary">back to summary</a></p>
<h3 id="m5">testcases.TC_01_Homepagetest#verify_allmenuitems_on_homepage</h3><table class="result"><tr><th class="invisible"/></tr></table><p class="totop"><a href="#summary">back to summary</a></p>
<h3 id="m6">testcases.TC_01_Homepagetest#verify_recentlyviewed_Title</h3><table class="result"><tr><th class="invisible"/></tr></table><p class="totop"><a href="#summary">back to summary</a></p>
<h3 id="m7">testcases.TC_01_Homepagetest#verify_support_centre_presence</h3><table class="result"><tr><th class="invisible"/></tr></table><p class="totop"><a href="#summary">back to summary</a></p>
<h3 id="m8">testcases.TC_01_Homepagetest#verifylogo_on_homepage</h3><table class="result"><tr><th class="invisible"/></tr></table><p class="totop"><a href="#summary">back to summary</a></p>
<h3 id="m9">testcases.TC_01_Homepagetest#verifytitle_on_Homepage</h3><table class="result"><tr><th class="invisible"/></tr></table><p class="totop"><a href="#summary">back to summary</a></p>
<h3 id="m10">testcases.TC_02_Loginpagetest#Loginpage</h3><table class="result"><tr><th>Messages</th></tr><tr><td><div class="messages">Welcome to loginpage</div></td></tr></table><p class="totop"><a href="#summary">back to summary</a></p>
<h3 id="m11">testcases.TC_03_Signuppagetest#signup</h3><table class="result"><tr><th class="invisible"/></tr></table><p class="totop"><a href="#summary">back to summary</a></p>
<h3 id="m12">testcases.TC_04Loginnegativecases#Loginpage</h3><table class="result"><tr class="param"><th>Parameter #1</th><th>Parameter #2</th></tr><tr class="param stripe"><td>akramkarish26@gmail.com</td><td>null</td></tr><tr><th colspan="2">Messages</th></tr><tr><td colspan="2"><div class="messages">Welcome to loginpage</div></td></tr></table><p class="totop"><a href="#summary">back to summary</a></p>
<h3 id="m13">testcases.TC_04Loginnegativecases#Loginpage</h3><table class="result"><tr class="param"><th>Parameter #1</th><th>Parameter #2</th></tr><tr class="param stripe"><td>akramkarish26@gmail.com</td><td>admin</td></tr><tr><th colspan="2">Messages</th></tr><tr><td colspan="2"><div class="messages">Welcome to loginpage</div></td></tr></table><p class="totop"><a href="#summary">back to summary</a></p>
<h3 id="m14">testcases.TC_04Loginnegativecases#Loginpage</h3><table class="result"><tr class="param"><th>Parameter #1</th><th>Parameter #2</th></tr><tr class="param stripe"><td>akramkarish26@gmail.com</td><td>admin123</td></tr><tr><th colspan="2">Messages</th></tr><tr><td colspan="2"><div class="messages">Welcome to loginpage</div></td></tr></table><p class="totop"><a href="#summary">back to summary</a></p>
<h3 id="m15">testcases.TC_05_Bottomlinktest#verify_BestBuy_details</h3><table class="result"><tr><th class="invisible"/></tr></table><p class="totop"><a href="#summary">back to summary</a></p>
<h3 id="m16">testcases.TC_05_Bottomlinktest#verify_order_purchase_menuitems</h3><table class="result"><tr><th class="invisible"/></tr></table><p class="totop"><a href="#summary">back to summary</a></p>
<h3 id="m17">testcases.TC_05_Bottomlinktest#verify_patnership_details</h3><table class="result"><tr><th class="invisible"/></tr></table><p class="totop"><a href="#summary">back to summary</a></p>
<h3 id="m18">testcases.TC_05_Bottomlinktest#verify_payment_details</h3><table class="result"><tr><th class="invisible"/></tr></table><p class="totop"><a href="#summary">back to summary</a></p>
<h3 id="m19">testcases.TC_05_Bottomlinktest#verify_reward_membership_details</h3><table class="result"><tr><th class="invisible"/></tr></table><p class="totop"><a href="#summary">back to summary</a></p>
<h3 id="m20">testcases.TC_05_Bottomlinktest#verify_support_service_details</h3><table class="result"><tr><th class="invisible"/></tr></table><p class="totop"><a href="#summary">back to summary</a></p>
<h3 id="m21">testcases.TC_06_Shoppingcarttest#search_additemto_cart</h3><table class="result"><tr><th class="invisible"/></tr></table><p class="totop"><a href="#summary">back to summary</a></p>
<h3 id="m22">testcases.TC_06a_shopbybrand#additem_shobby_brand</h3><table class="result"><tr><th class="invisible"/></tr></table><p class="totop"><a href="#summary">back to summary</a></p>
<h3 id="m23">testcases.TC_06b_shopbydepartment#add_itemsin_shopbydepartment</h3><table class="result"><tr><th class="invisible"/></tr></table><p class="totop"><a href="#summary">back to summary</a></p>
<h3 id="m24">testcases.TC_07_checkoutpagetest#checkout_the_addingitems</h3><table class="result"><tr><th class="invisible"/></tr></table><p class="totop"><a href="#summary">back to summary</a></p>
</body>
</html>
