<?xml version="1.0" encoding="UTF-8"?>
<testng-results ignored="0" total="25" passed="23" failed="2" skipped="0">
  <reporter-output>
    <line>
      <![CDATA[Welcome to loginpage]]>
    </line>
    <line>
      <![CDATA[Welcome to loginpage]]>
    </line>
    <line>
      <![CDATA[Welcome to loginpage]]>
    </line>
    <line>
      <![CDATA[Welcome to loginpage]]>
    </line>
  </reporter-output>
  <suite started-at="2024-02-14T22:54:12 IST" name="Suite" finished-at="2024-02-14T23:27:02 IST" duration-ms="1970162">
    <groups>
    </groups>
    <test started-at="2024-02-14T22:54:12 IST" name="Test" finished-at="2024-02-14T23:27:02 IST" duration-ms="1970162">
      <class name="testcases.TC_07_checkoutpagetest">
        <test-method is-config="true" signature="startup()[pri:0, instance:testcases.TC_07_checkoutpagetest@9cb8225]" started-at="2024-02-14T23:14:53 IST" name="startup" finished-at="2024-02-14T23:15:08 IST" duration-ms="15691" status="PASS">
          <reporter-output>
          </reporter-output>
        </test-method> <!-- startup -->
        <test-method signature="checkout_the_addingitems()[pri:0, instance:testcases.TC_07_checkoutpagetest@9cb8225]" started-at="2024-02-14T23:15:08 IST" name="checkout_the_addingitems" finished-at="2024-02-14T23:19:04 IST" duration-ms="236053" status="PASS">
          <reporter-output>
          </reporter-output>
        </test-method> <!-- checkout_the_addingitems -->
        <test-method is-config="true" signature="close()[pri:0, instance:testcases.TC_07_checkoutpagetest@9cb8225]" started-at="2024-02-14T23:19:04 IST" name="close" finished-at="2024-02-14T23:19:06 IST" duration-ms="1274" status="PASS">
          <reporter-output>
          </reporter-output>
        </test-method> <!-- close -->
      </class> <!-- testcases.TC_07_checkoutpagetest -->
      <class name="testcases.TC_06_Shoppingcarttest">
        <test-method is-config="true" signature="startup()[pri:0, instance:testcases.TC_06_Shoppingcarttest@238d68ff]" started-at="2024-02-14T22:56:39 IST" name="startup" finished-at="2024-02-14T22:56:54 IST" duration-ms="15181" status="PASS">
          <reporter-output>
          </reporter-output>
        </test-method> <!-- startup -->
        <test-method signature="checkout_the_addingitems()[pri:0, instance:testcases.TC_06_Shoppingcarttest@238d68ff]" started-at="2024-02-14T22:56:54 IST" name="checkout_the_addingitems" finished-at="2024-02-14T22:59:11 IST" duration-ms="137236" status="FAIL">
          <exception class="org.openqa.selenium.NoSuchElementException">
            <message>
              <![CDATA[no such element: Unable to locate element: {"method":"xpath","selector":"//span[text()="Cart"]"}
  (Session info: chrome=121.0.6167.161)
For documentation on this error, please visit: https://www.selenium.dev/documentation/webdriver/troubleshooting/errors#no-such-element-exception
Build info: version: '4.16.0', revision: '15400459dd*'
System info: os.name: 'Windows 10', os.arch: 'amd64', os.version: '10.0', java.version: '21.0.1'
Driver info: org.openqa.selenium.chrome.ChromeDriver
Command: [40f73f3430006f334a9136dc1cf8f7f7, findElement {using=xpath, value=//span[text()="Cart"]}]
Capabilities {acceptInsecureCerts: false, browserName: chrome, browserVersion: 121.0.6167.161, chrome: {chromedriverVersion: 121.0.6167.85 (3f98d690ad7e..., userDataDir: C:\Program Files\scoped_dir...}, fedcm:accounts: true, goog:chromeOptions: {debuggerAddress: localhost:58144}, networkConnectionEnabled: false, pageLoadStrategy: normal, platformName: windows, proxy: Proxy(), se:cdp: ws://localhost:58144/devtoo..., se:cdpVersion: 121.0.6167.161, setWindowRect: true, strictFileInteractability: false, timeouts: {implicit: 0, pageLoad: 300000, script: 30000}, unhandledPromptBehavior: dismiss and notify, webauthn:extension:credBlob: true, webauthn:extension:largeBlob: true, webauthn:extension:minPinLength: true, webauthn:extension:prf: true, webauthn:virtualAuthenticators: true}
Session ID: 40f73f3430006f334a9136dc1cf8f7f7]]>
            </message>
            <full-stacktrace>
              <![CDATA[org.openqa.selenium.NoSuchElementException: no such element: Unable to locate element: {"method":"xpath","selector":"//span[text()="Cart"]"}
  (Session info: chrome=121.0.6167.161)
For documentation on this error, please visit: https://www.selenium.dev/documentation/webdriver/troubleshooting/errors#no-such-element-exception
Build info: version: '4.16.0', revision: '15400459dd*'
System info: os.name: 'Windows 10', os.arch: 'amd64', os.version: '10.0', java.version: '21.0.1'
Driver info: org.openqa.selenium.chrome.ChromeDriver
Command: [40f73f3430006f334a9136dc1cf8f7f7, findElement {using=xpath, value=//span[text()="Cart"]}]
Capabilities {acceptInsecureCerts: false, browserName: chrome, browserVersion: 121.0.6167.161, chrome: {chromedriverVersion: 121.0.6167.85 (3f98d690ad7e..., userDataDir: C:\Program Files\scoped_dir...}, fedcm:accounts: true, goog:chromeOptions: {debuggerAddress: localhost:58144}, networkConnectionEnabled: false, pageLoadStrategy: normal, platformName: windows, proxy: Proxy(), se:cdp: ws://localhost:58144/devtoo..., se:cdpVersion: 121.0.6167.161, setWindowRect: true, strictFileInteractability: false, timeouts: {implicit: 0, pageLoad: 300000, script: 30000}, unhandledPromptBehavior: dismiss and notify, webauthn:extension:credBlob: true, webauthn:extension:largeBlob: true, webauthn:extension:minPinLength: true, webauthn:extension:prf: true, webauthn:virtualAuthenticators: true}
Session ID: 40f73f3430006f334a9136dc1cf8f7f7
at java.base/jdk.internal.reflect.DirectConstructorHandleAccessor.newInstance(DirectConstructorHandleAccessor.java:62)
at java.base/java.lang.reflect.Constructor.newInstanceWithCaller(Constructor.java:502)
at java.base/java.lang.reflect.Constructor.newInstance(Constructor.java:486)
at org.openqa.selenium.remote.codec.w3c.W3CHttpResponseCodec.createException(W3CHttpResponseCodec.java:200)
at org.openqa.selenium.remote.codec.w3c.W3CHttpResponseCodec.decode(W3CHttpResponseCodec.java:133)
at org.openqa.selenium.remote.codec.w3c.W3CHttpResponseCodec.decode(W3CHttpResponseCodec.java:52)
at org.openqa.selenium.remote.HttpCommandExecutor.execute(HttpCommandExecutor.java:191)
at org.openqa.selenium.remote.service.DriverCommandExecutor.invokeExecute(DriverCommandExecutor.java:200)
at org.openqa.selenium.remote.service.DriverCommandExecutor.execute(DriverCommandExecutor.java:175)
at org.openqa.selenium.remote.RemoteWebDriver.execute(RemoteWebDriver.java:523)
at org.openqa.selenium.remote.ElementLocation$ElementFinder$2.findElement(ElementLocation.java:165)
at org.openqa.selenium.remote.ElementLocation.findElement(ElementLocation.java:59)
at org.openqa.selenium.remote.RemoteWebDriver.findElement(RemoteWebDriver.java:360)
at org.openqa.selenium.remote.RemoteWebDriver.findElement(RemoteWebDriver.java:354)
at org.openqa.selenium.support.pagefactory.DefaultElementLocator.findElement(DefaultElementLocator.java:68)
at org.openqa.selenium.support.pagefactory.internal.LocatingElementHandler.invoke(LocatingElementHandler.java:38)
at jdk.proxy2/jdk.proxy2.$Proxy16.click(Unknown Source)
at pageobjects.Shoppingcartpage.Gotocart(Shoppingcartpage.java:135)
at testcases.TC_06_Shoppingcarttest.checkout_the_addingitems(TC_06_Shoppingcarttest.java:37)
at java.base/jdk.internal.reflect.DirectMethodHandleAccessor.invoke(DirectMethodHandleAccessor.java:103)
at java.base/java.lang.reflect.Method.invoke(Method.java:580)
at org.testng.internal.invokers.MethodInvocationHelper.invokeMethod(MethodInvocationHelper.java:139)
at org.testng.internal.invokers.TestInvoker.invokeMethod(TestInvoker.java:664)
at org.testng.internal.invokers.TestInvoker.invokeTestMethod(TestInvoker.java:227)
at org.testng.internal.invokers.MethodRunner.runInSequence(MethodRunner.java:50)
at org.testng.internal.invokers.TestInvoker$MethodInvocationAgent.invoke(TestInvoker.java:957)
at org.testng.internal.invokers.TestInvoker.invokeTestMethods(TestInvoker.java:200)
at org.testng.internal.invokers.TestMethodWorker.invokeTestMethods(TestMethodWorker.java:148)
at org.testng.internal.invokers.TestMethodWorker.run(TestMethodWorker.java:128)
at java.base/java.util.ArrayList.forEach(ArrayList.java:1596)
at org.testng.TestRunner.privateRun(TestRunner.java:848)
at org.testng.TestRunner.run(TestRunner.java:621)
at org.testng.SuiteRunner.runTest(SuiteRunner.java:443)
at org.testng.SuiteRunner.runSequentially(SuiteRunner.java:437)
at org.testng.SuiteRunner.privateRun(SuiteRunner.java:397)
at org.testng.SuiteRunner.run(SuiteRunner.java:336)
at org.testng.SuiteRunnerWorker.runSuite(SuiteRunnerWorker.java:52)
at org.testng.SuiteRunnerWorker.run(SuiteRunnerWorker.java:95)
at org.testng.TestNG.runSuitesSequentially(TestNG.java:1280)
at org.testng.TestNG.runSuitesLocally(TestNG.java:1200)
at org.testng.TestNG.runSuites(TestNG.java:1114)
at org.testng.TestNG.run(TestNG.java:1082)
at org.testng.remote.AbstractRemoteTestNG.run(AbstractRemoteTestNG.java:115)
at org.testng.remote.RemoteTestNG.initAndRun(RemoteTestNG.java:251)
at org.testng.remote.RemoteTestNG.main(RemoteTestNG.java:77)
]]>
            </full-stacktrace>
          </exception> <!-- org.openqa.selenium.NoSuchElementException -->
          <reporter-output>
          </reporter-output>
        </test-method> <!-- checkout_the_addingitems -->
        <test-method is-config="true" signature="close()[pri:0, instance:testcases.TC_06_Shoppingcarttest@238d68ff]" started-at="2024-02-14T22:59:11 IST" name="close" finished-at="2024-02-14T22:59:12 IST" duration-ms="824" status="PASS">
          <reporter-output>
          </reporter-output>
        </test-method> <!-- close -->
        <test-method is-config="true" signature="startup()[pri:0, instance:testcases.TC_06_Shoppingcarttest@238d68ff]" started-at="2024-02-14T22:59:12 IST" name="startup" finished-at="2024-02-14T22:59:19 IST" duration-ms="7153" status="PASS">
          <reporter-output>
          </reporter-output>
        </test-method> <!-- startup -->
        <test-method signature="search_additemto_cart()[pri:0, instance:testcases.TC_06_Shoppingcarttest@238d68ff]" started-at="2024-02-14T22:59:19 IST" name="search_additemto_cart" finished-at="2024-02-14T23:00:07 IST" duration-ms="47774" status="PASS">
          <reporter-output>
          </reporter-output>
        </test-method> <!-- search_additemto_cart -->
        <test-method is-config="true" signature="close()[pri:0, instance:testcases.TC_06_Shoppingcarttest@238d68ff]" started-at="2024-02-14T23:00:07 IST" name="close" finished-at="2024-02-14T23:00:08 IST" duration-ms="1216" status="PASS">
          <reporter-output>
          </reporter-output>
        </test-method> <!-- close -->
      </class> <!-- testcases.TC_06_Shoppingcarttest -->
      <class name="testcases.TC_06a_shopbybrand">
        <test-method is-config="true" signature="startup()[pri:0, instance:testcases.TC_06a_shopbybrand@76b07f29]" started-at="2024-02-14T23:19:06 IST" name="startup" finished-at="2024-02-14T23:19:29 IST" duration-ms="23584" status="PASS">
          <reporter-output>
          </reporter-output>
        </test-method> <!-- startup -->
        <test-method signature="additem_shobby_brand()[pri:0, instance:testcases.TC_06a_shopbybrand@76b07f29]" started-at="2024-02-14T23:19:29 IST" name="additem_shobby_brand" finished-at="2024-02-14T23:20:44 IST" duration-ms="74644" status="PASS">
          <reporter-output>
          </reporter-output>
        </test-method> <!-- additem_shobby_brand -->
        <test-method is-config="true" signature="close()[pri:0, instance:testcases.TC_06a_shopbybrand@76b07f29]" started-at="2024-02-14T23:20:44 IST" name="close" finished-at="2024-02-14T23:20:45 IST" duration-ms="1539" status="PASS">
          <reporter-output>
          </reporter-output>
        </test-method> <!-- close -->
      </class> <!-- testcases.TC_06a_shopbybrand -->
      <class name="testcases.TC_05_Bottomlinktest">
        <test-method is-config="true" signature="startup()[pri:0, instance:testcases.TC_05_Bottomlinktest@5852c06f]" started-at="2024-02-14T23:07:18 IST" name="startup" finished-at="2024-02-14T23:07:35 IST" duration-ms="16641" status="PASS">
          <reporter-output>
          </reporter-output>
        </test-method> <!-- startup -->
        <test-method signature="verify_BestBuy_details()[pri:0, instance:testcases.TC_05_Bottomlinktest@5852c06f]" started-at="2024-02-14T23:07:35 IST" name="verify_BestBuy_details" finished-at="2024-02-14T23:08:18 IST" duration-ms="42439" status="PASS">
          <reporter-output>
          </reporter-output>
        </test-method> <!-- verify_BestBuy_details -->
        <test-method is-config="true" signature="close()[pri:0, instance:testcases.TC_05_Bottomlinktest@5852c06f]" started-at="2024-02-14T23:08:18 IST" name="close" finished-at="2024-02-14T23:08:18 IST" duration-ms="869" status="PASS">
          <reporter-output>
          </reporter-output>
        </test-method> <!-- close -->
        <test-method is-config="true" signature="startup()[pri:0, instance:testcases.TC_05_Bottomlinktest@5852c06f]" started-at="2024-02-14T23:08:18 IST" name="startup" finished-at="2024-02-14T23:08:29 IST" duration-ms="10127" status="PASS">
          <reporter-output>
          </reporter-output>
        </test-method> <!-- startup -->
        <test-method signature="verify_order_purchase_menuitems()[pri:0, instance:testcases.TC_05_Bottomlinktest@5852c06f]" started-at="2024-02-14T23:08:29 IST" name="verify_order_purchase_menuitems" finished-at="2024-02-14T23:09:08 IST" duration-ms="39398" status="PASS">
          <reporter-output>
          </reporter-output>
        </test-method> <!-- verify_order_purchase_menuitems -->
        <test-method is-config="true" signature="close()[pri:0, instance:testcases.TC_05_Bottomlinktest@5852c06f]" started-at="2024-02-14T23:09:08 IST" name="close" finished-at="2024-02-14T23:09:09 IST" duration-ms="798" status="PASS">
          <reporter-output>
          </reporter-output>
        </test-method> <!-- close -->
        <test-method is-config="true" signature="startup()[pri:0, instance:testcases.TC_05_Bottomlinktest@5852c06f]" started-at="2024-02-14T23:09:09 IST" name="startup" finished-at="2024-02-14T23:09:20 IST" duration-ms="11248" status="PASS">
          <reporter-output>
          </reporter-output>
        </test-method> <!-- startup -->
        <test-method signature="verify_patnership_details()[pri:0, instance:testcases.TC_05_Bottomlinktest@5852c06f]" started-at="2024-02-14T23:09:20 IST" name="verify_patnership_details" finished-at="2024-02-14T23:10:04 IST" duration-ms="43975" status="PASS">
          <reporter-output>
          </reporter-output>
        </test-method> <!-- verify_patnership_details -->
        <test-method is-config="true" signature="close()[pri:0, instance:testcases.TC_05_Bottomlinktest@5852c06f]" started-at="2024-02-14T23:10:04 IST" name="close" finished-at="2024-02-14T23:10:05 IST" duration-ms="1015" status="PASS">
          <reporter-output>
          </reporter-output>
        </test-method> <!-- close -->
        <test-method is-config="true" signature="startup()[pri:0, instance:testcases.TC_05_Bottomlinktest@5852c06f]" started-at="2024-02-14T23:10:05 IST" name="startup" finished-at="2024-02-14T23:10:15 IST" duration-ms="10024" status="PASS">
          <reporter-output>
          </reporter-output>
        </test-method> <!-- startup -->
        <test-method signature="verify_payment_details()[pri:0, instance:testcases.TC_05_Bottomlinktest@5852c06f]" started-at="2024-02-14T23:10:15 IST" name="verify_payment_details" finished-at="2024-02-14T23:10:50 IST" duration-ms="34519" status="PASS">
          <reporter-output>
          </reporter-output>
        </test-method> <!-- verify_payment_details -->
        <test-method is-config="true" signature="close()[pri:0, instance:testcases.TC_05_Bottomlinktest@5852c06f]" started-at="2024-02-14T23:10:50 IST" name="close" finished-at="2024-02-14T23:10:51 IST" duration-ms="1077" status="PASS">
          <reporter-output>
          </reporter-output>
        </test-method> <!-- close -->
        <test-method is-config="true" signature="startup()[pri:0, instance:testcases.TC_05_Bottomlinktest@5852c06f]" started-at="2024-02-14T23:10:51 IST" name="startup" finished-at="2024-02-14T23:11:14 IST" duration-ms="23094" status="PASS">
          <reporter-output>
          </reporter-output>
        </test-method> <!-- startup -->
        <test-method signature="verify_reward_membership_details()[pri:0, instance:testcases.TC_05_Bottomlinktest@5852c06f]" started-at="2024-02-14T23:11:14 IST" name="verify_reward_membership_details" finished-at="2024-02-14T23:12:02 IST" duration-ms="48620" status="PASS">
          <reporter-output>
          </reporter-output>
        </test-method> <!-- verify_reward_membership_details -->
        <test-method is-config="true" signature="close()[pri:0, instance:testcases.TC_05_Bottomlinktest@5852c06f]" started-at="2024-02-14T23:12:02 IST" name="close" finished-at="2024-02-14T23:12:03 IST" duration-ms="1127" status="PASS">
          <reporter-output>
          </reporter-output>
        </test-method> <!-- close -->
        <test-method is-config="true" signature="startup()[pri:0, instance:testcases.TC_05_Bottomlinktest@5852c06f]" started-at="2024-02-14T23:12:03 IST" name="startup" finished-at="2024-02-14T23:12:14 IST" duration-ms="10372" status="PASS">
          <reporter-output>
          </reporter-output>
        </test-method> <!-- startup -->
        <test-method signature="verify_support_service_details()[pri:0, instance:testcases.TC_05_Bottomlinktest@5852c06f]" started-at="2024-02-14T23:12:14 IST" name="verify_support_service_details" finished-at="2024-02-14T23:13:11 IST" duration-ms="57047" status="PASS">
          <reporter-output>
          </reporter-output>
        </test-method> <!-- verify_support_service_details -->
        <test-method is-config="true" signature="close()[pri:0, instance:testcases.TC_05_Bottomlinktest@5852c06f]" started-at="2024-02-14T23:13:11 IST" name="close" finished-at="2024-02-14T23:13:12 IST" duration-ms="1030" status="PASS">
          <reporter-output>
          </reporter-output>
        </test-method> <!-- close -->
      </class> <!-- testcases.TC_05_Bottomlinktest -->
      <class name="testcases.TC_01_Homepagetest">
        <test-method is-config="true" signature="startup()[pri:0, instance:testcases.TC_01_Homepagetest@4b86805d]" started-at="2024-02-14T23:00:08 IST" name="startup" finished-at="2024-02-14T23:00:19 IST" duration-ms="10660" status="PASS">
          <reporter-output>
          </reporter-output>
        </test-method> <!-- startup -->
        <test-method signature="Pickup()[pri:0, instance:testcases.TC_01_Homepagetest@4b86805d]" started-at="2024-02-14T23:00:19 IST" name="Pickup" finished-at="2024-02-14T23:00:58 IST" duration-ms="39057" status="PASS">
          <reporter-output>
          </reporter-output>
        </test-method> <!-- Pickup -->
        <test-method is-config="true" signature="close()[pri:0, instance:testcases.TC_01_Homepagetest@4b86805d]" started-at="2024-02-14T23:00:58 IST" name="close" finished-at="2024-02-14T23:00:59 IST" duration-ms="550" status="PASS">
          <reporter-output>
          </reporter-output>
        </test-method> <!-- close -->
        <test-method is-config="true" signature="startup()[pri:0, instance:testcases.TC_01_Homepagetest@4b86805d]" started-at="2024-02-14T23:00:59 IST" name="startup" finished-at="2024-02-14T23:01:06 IST" duration-ms="6988" status="PASS">
          <reporter-output>
          </reporter-output>
        </test-method> <!-- startup -->
        <test-method signature="Return_Exchange()[pri:0, instance:testcases.TC_01_Homepagetest@4b86805d]" started-at="2024-02-14T23:01:06 IST" name="Return_Exchange" finished-at="2024-02-14T23:01:35 IST" duration-ms="29731" status="PASS">
          <reporter-output>
          </reporter-output>
        </test-method> <!-- Return_Exchange -->
        <test-method is-config="true" signature="close()[pri:0, instance:testcases.TC_01_Homepagetest@4b86805d]" started-at="2024-02-14T23:01:35 IST" name="close" finished-at="2024-02-14T23:01:36 IST" duration-ms="599" status="PASS">
          <reporter-output>
          </reporter-output>
        </test-method> <!-- close -->
        <test-method is-config="true" signature="startup()[pri:0, instance:testcases.TC_01_Homepagetest@4b86805d]" started-at="2024-02-14T23:01:36 IST" name="startup" finished-at="2024-02-14T23:01:44 IST" duration-ms="7678" status="PASS">
          <reporter-output>
          </reporter-output>
        </test-method> <!-- startup -->
        <test-method signature="checkorderstatus()[pri:0, instance:testcases.TC_01_Homepagetest@4b86805d]" started-at="2024-02-14T23:01:44 IST" name="checkorderstatus" finished-at="2024-02-14T23:02:09 IST" duration-ms="24969" status="PASS">
          <reporter-output>
          </reporter-output>
        </test-method> <!-- checkorderstatus -->
        <test-method is-config="true" signature="close()[pri:0, instance:testcases.TC_01_Homepagetest@4b86805d]" started-at="2024-02-14T23:02:09 IST" name="close" finished-at="2024-02-14T23:02:09 IST" duration-ms="451" status="PASS">
          <reporter-output>
          </reporter-output>
        </test-method> <!-- close -->
        <test-method is-config="true" signature="startup()[pri:0, instance:testcases.TC_01_Homepagetest@4b86805d]" started-at="2024-02-14T23:02:09 IST" name="startup" finished-at="2024-02-14T23:02:17 IST" duration-ms="7597" status="PASS">
          <reporter-output>
          </reporter-output>
        </test-method> <!-- startup -->
        <test-method signature="searchmob_click()[pri:0, instance:testcases.TC_01_Homepagetest@4b86805d]" started-at="2024-02-14T23:02:17 IST" name="searchmob_click" finished-at="2024-02-14T23:03:03 IST" duration-ms="46446" status="FAIL">
          <exception class="org.openqa.selenium.NoSuchElementException">
            <message>
              <![CDATA[no such element: Unable to locate element: {"method":"xpath","selector":"//div[@class="row remove-margin full-bleed-row"]//div[6]"}
  (Session info: chrome=121.0.6167.161)
For documentation on this error, please visit: https://www.selenium.dev/documentation/webdriver/troubleshooting/errors#no-such-element-exception
Build info: version: '4.16.0', revision: '15400459dd*'
System info: os.name: 'Windows 10', os.arch: 'amd64', os.version: '10.0', java.version: '21.0.1'
Driver info: org.openqa.selenium.chrome.ChromeDriver
Command: [fc37146b579d8bd5995c39b85fed7292, findElement {using=xpath, value=//div[@class="row remove-margin full-bleed-row"]//div[6]}]
Capabilities {acceptInsecureCerts: false, browserName: chrome, browserVersion: 121.0.6167.161, chrome: {chromedriverVersion: 121.0.6167.85 (3f98d690ad7e..., userDataDir: C:\Program Files\scoped_dir...}, fedcm:accounts: true, goog:chromeOptions: {debuggerAddress: localhost:58882}, networkConnectionEnabled: false, pageLoadStrategy: normal, platformName: windows, proxy: Proxy(), se:cdp: ws://localhost:58882/devtoo..., se:cdpVersion: 121.0.6167.161, setWindowRect: true, strictFileInteractability: false, timeouts: {implicit: 0, pageLoad: 300000, script: 30000}, unhandledPromptBehavior: dismiss and notify, webauthn:extension:credBlob: true, webauthn:extension:largeBlob: true, webauthn:extension:minPinLength: true, webauthn:extension:prf: true, webauthn:virtualAuthenticators: true}
Session ID: fc37146b579d8bd5995c39b85fed7292]]>
            </message>
            <full-stacktrace>
              <![CDATA[org.openqa.selenium.NoSuchElementException: no such element: Unable to locate element: {"method":"xpath","selector":"//div[@class="row remove-margin full-bleed-row"]//div[6]"}
  (Session info: chrome=121.0.6167.161)
For documentation on this error, please visit: https://www.selenium.dev/documentation/webdriver/troubleshooting/errors#no-such-element-exception
Build info: version: '4.16.0', revision: '15400459dd*'
System info: os.name: 'Windows 10', os.arch: 'amd64', os.version: '10.0', java.version: '21.0.1'
Driver info: org.openqa.selenium.chrome.ChromeDriver
Command: [fc37146b579d8bd5995c39b85fed7292, findElement {using=xpath, value=//div[@class="row remove-margin full-bleed-row"]//div[6]}]
Capabilities {acceptInsecureCerts: false, browserName: chrome, browserVersion: 121.0.6167.161, chrome: {chromedriverVersion: 121.0.6167.85 (3f98d690ad7e..., userDataDir: C:\Program Files\scoped_dir...}, fedcm:accounts: true, goog:chromeOptions: {debuggerAddress: localhost:58882}, networkConnectionEnabled: false, pageLoadStrategy: normal, platformName: windows, proxy: Proxy(), se:cdp: ws://localhost:58882/devtoo..., se:cdpVersion: 121.0.6167.161, setWindowRect: true, strictFileInteractability: false, timeouts: {implicit: 0, pageLoad: 300000, script: 30000}, unhandledPromptBehavior: dismiss and notify, webauthn:extension:credBlob: true, webauthn:extension:largeBlob: true, webauthn:extension:minPinLength: true, webauthn:extension:prf: true, webauthn:virtualAuthenticators: true}
Session ID: fc37146b579d8bd5995c39b85fed7292
at java.base/jdk.internal.reflect.DirectConstructorHandleAccessor.newInstance(DirectConstructorHandleAccessor.java:62)
at java.base/java.lang.reflect.Constructor.newInstanceWithCaller(Constructor.java:502)
at java.base/java.lang.reflect.Constructor.newInstance(Constructor.java:486)
at org.openqa.selenium.remote.codec.w3c.W3CHttpResponseCodec.createException(W3CHttpResponseCodec.java:200)
at org.openqa.selenium.remote.codec.w3c.W3CHttpResponseCodec.decode(W3CHttpResponseCodec.java:133)
at org.openqa.selenium.remote.codec.w3c.W3CHttpResponseCodec.decode(W3CHttpResponseCodec.java:52)
at org.openqa.selenium.remote.HttpCommandExecutor.execute(HttpCommandExecutor.java:191)
at org.openqa.selenium.remote.service.DriverCommandExecutor.invokeExecute(DriverCommandExecutor.java:200)
at org.openqa.selenium.remote.service.DriverCommandExecutor.execute(DriverCommandExecutor.java:175)
at org.openqa.selenium.remote.RemoteWebDriver.execute(RemoteWebDriver.java:523)
at org.openqa.selenium.remote.ElementLocation$ElementFinder$2.findElement(ElementLocation.java:165)
at org.openqa.selenium.remote.ElementLocation.findElement(ElementLocation.java:59)
at org.openqa.selenium.remote.RemoteWebDriver.findElement(RemoteWebDriver.java:360)
at org.openqa.selenium.remote.RemoteWebDriver.findElement(RemoteWebDriver.java:354)
at org.openqa.selenium.support.pagefactory.DefaultElementLocator.findElement(DefaultElementLocator.java:68)
at org.openqa.selenium.support.pagefactory.internal.LocatingElementHandler.invoke(LocatingElementHandler.java:38)
at jdk.proxy2/jdk.proxy2.$Proxy16.isDisplayed(Unknown Source)
at pageobjects.Homepage.click_searchmob(Homepage.java:68)
at testcases.TC_01_Homepagetest.searchmob_click(TC_01_Homepagetest.java:29)
at java.base/jdk.internal.reflect.DirectMethodHandleAccessor.invoke(DirectMethodHandleAccessor.java:103)
at java.base/java.lang.reflect.Method.invoke(Method.java:580)
at org.testng.internal.invokers.MethodInvocationHelper.invokeMethod(MethodInvocationHelper.java:139)
at org.testng.internal.invokers.TestInvoker.invokeMethod(TestInvoker.java:664)
at org.testng.internal.invokers.TestInvoker.invokeTestMethod(TestInvoker.java:227)
at org.testng.internal.invokers.MethodRunner.runInSequence(MethodRunner.java:50)
at org.testng.internal.invokers.TestInvoker$MethodInvocationAgent.invoke(TestInvoker.java:957)
at org.testng.internal.invokers.TestInvoker.invokeTestMethods(TestInvoker.java:200)
at org.testng.internal.invokers.TestMethodWorker.invokeTestMethods(TestMethodWorker.java:148)
at org.testng.internal.invokers.TestMethodWorker.run(TestMethodWorker.java:128)
at java.base/java.util.ArrayList.forEach(ArrayList.java:1596)
at org.testng.TestRunner.privateRun(TestRunner.java:848)
at org.testng.TestRunner.run(TestRunner.java:621)
at org.testng.SuiteRunner.runTest(SuiteRunner.java:443)
at org.testng.SuiteRunner.runSequentially(SuiteRunner.java:437)
at org.testng.SuiteRunner.privateRun(SuiteRunner.java:397)
at org.testng.SuiteRunner.run(SuiteRunner.java:336)
at org.testng.SuiteRunnerWorker.runSuite(SuiteRunnerWorker.java:52)
at org.testng.SuiteRunnerWorker.run(SuiteRunnerWorker.java:95)
at org.testng.TestNG.runSuitesSequentially(TestNG.java:1280)
at org.testng.TestNG.runSuitesLocally(TestNG.java:1200)
at org.testng.TestNG.runSuites(TestNG.java:1114)
at org.testng.TestNG.run(TestNG.java:1082)
at org.testng.remote.AbstractRemoteTestNG.run(AbstractRemoteTestNG.java:115)
at org.testng.remote.RemoteTestNG.initAndRun(RemoteTestNG.java:251)
at org.testng.remote.RemoteTestNG.main(RemoteTestNG.java:77)
]]>
            </full-stacktrace>
          </exception> <!-- org.openqa.selenium.NoSuchElementException -->
          <reporter-output>
          </reporter-output>
        </test-method> <!-- searchmob_click -->
        <test-method is-config="true" signature="close()[pri:0, instance:testcases.TC_01_Homepagetest@4b86805d]" started-at="2024-02-14T23:03:03 IST" name="close" finished-at="2024-02-14T23:03:04 IST" duration-ms="498" status="PASS">
          <reporter-output>
          </reporter-output>
        </test-method> <!-- close -->
        <test-method is-config="true" signature="startup()[pri:0, instance:testcases.TC_01_Homepagetest@4b86805d]" started-at="2024-02-14T23:03:04 IST" name="startup" finished-at="2024-02-14T23:03:14 IST" duration-ms="9821" status="PASS">
          <reporter-output>
          </reporter-output>
        </test-method> <!-- startup -->
        <test-method signature="verify_allmenuitems_on_homepage()[pri:0, instance:testcases.TC_01_Homepagetest@4b86805d]" started-at="2024-02-14T23:03:14 IST" name="verify_allmenuitems_on_homepage" finished-at="2024-02-14T23:04:02 IST" duration-ms="48275" status="PASS">
          <reporter-output>
          </reporter-output>
        </test-method> <!-- verify_allmenuitems_on_homepage -->
        <test-method is-config="true" signature="close()[pri:0, instance:testcases.TC_01_Homepagetest@4b86805d]" started-at="2024-02-14T23:04:02 IST" name="close" finished-at="2024-02-14T23:04:03 IST" duration-ms="727" status="PASS">
          <reporter-output>
          </reporter-output>
        </test-method> <!-- close -->
        <test-method is-config="true" signature="startup()[pri:0, instance:testcases.TC_01_Homepagetest@4b86805d]" started-at="2024-02-14T23:04:03 IST" name="startup" finished-at="2024-02-14T23:04:14 IST" duration-ms="11160" status="PASS">
          <reporter-output>
          </reporter-output>
        </test-method> <!-- startup -->
        <test-method signature="verify_recentlyviewed_Title()[pri:0, instance:testcases.TC_01_Homepagetest@4b86805d]" started-at="2024-02-14T23:04:14 IST" name="verify_recentlyviewed_Title" finished-at="2024-02-14T23:04:56 IST" duration-ms="42467" status="PASS">
          <reporter-output>
          </reporter-output>
        </test-method> <!-- verify_recentlyviewed_Title -->
        <test-method is-config="true" signature="close()[pri:0, instance:testcases.TC_01_Homepagetest@4b86805d]" started-at="2024-02-14T23:04:56 IST" name="close" finished-at="2024-02-14T23:04:57 IST" duration-ms="609" status="PASS">
          <reporter-output>
          </reporter-output>
        </test-method> <!-- close -->
        <test-method is-config="true" signature="startup()[pri:0, instance:testcases.TC_01_Homepagetest@4b86805d]" started-at="2024-02-14T23:04:57 IST" name="startup" finished-at="2024-02-14T23:05:08 IST" duration-ms="10873" status="PASS">
          <reporter-output>
          </reporter-output>
        </test-method> <!-- startup -->
        <test-method signature="verify_support_centre_presence()[pri:0, instance:testcases.TC_01_Homepagetest@4b86805d]" started-at="2024-02-14T23:05:08 IST" name="verify_support_centre_presence" finished-at="2024-02-14T23:05:33 IST" duration-ms="25373" status="PASS">
          <reporter-output>
          </reporter-output>
        </test-method> <!-- verify_support_centre_presence -->
        <test-method is-config="true" signature="close()[pri:0, instance:testcases.TC_01_Homepagetest@4b86805d]" started-at="2024-02-14T23:05:33 IST" name="close" finished-at="2024-02-14T23:05:34 IST" duration-ms="771" status="PASS">
          <reporter-output>
          </reporter-output>
        </test-method> <!-- close -->
        <test-method is-config="true" signature="startup()[pri:0, instance:testcases.TC_01_Homepagetest@4b86805d]" started-at="2024-02-14T23:05:34 IST" name="startup" finished-at="2024-02-14T23:05:41 IST" duration-ms="7179" status="PASS">
          <reporter-output>
          </reporter-output>
        </test-method> <!-- startup -->
        <test-method signature="verifylogo_on_homepage()[pri:0, instance:testcases.TC_01_Homepagetest@4b86805d]" started-at="2024-02-14T23:05:41 IST" name="verifylogo_on_homepage" finished-at="2024-02-14T23:06:24 IST" duration-ms="43184" status="PASS">
          <reporter-output>
          </reporter-output>
        </test-method> <!-- verifylogo_on_homepage -->
        <test-method is-config="true" signature="close()[pri:0, instance:testcases.TC_01_Homepagetest@4b86805d]" started-at="2024-02-14T23:06:24 IST" name="close" finished-at="2024-02-14T23:06:25 IST" duration-ms="864" status="PASS">
          <reporter-output>
          </reporter-output>
        </test-method> <!-- close -->
        <test-method is-config="true" signature="startup()[pri:0, instance:testcases.TC_01_Homepagetest@4b86805d]" started-at="2024-02-14T23:06:25 IST" name="startup" finished-at="2024-02-14T23:06:46 IST" duration-ms="20377" status="PASS">
          <reporter-output>
          </reporter-output>
        </test-method> <!-- startup -->
        <test-method signature="verifytitle_on_Homepage()[pri:0, instance:testcases.TC_01_Homepagetest@4b86805d]" started-at="2024-02-14T23:06:46 IST" name="verifytitle_on_Homepage" finished-at="2024-02-14T23:07:17 IST" duration-ms="31162" status="PASS">
          <reporter-output>
          </reporter-output>
        </test-method> <!-- verifytitle_on_Homepage -->
        <test-method is-config="true" signature="close()[pri:0, instance:testcases.TC_01_Homepagetest@4b86805d]" started-at="2024-02-14T23:07:17 IST" name="close" finished-at="2024-02-14T23:07:18 IST" duration-ms="1614" status="PASS">
          <reporter-output>
          </reporter-output>
        </test-method> <!-- close -->
      </class> <!-- testcases.TC_01_Homepagetest -->
      <class name="testcases.TC_04Loginnegativecases">
        <test-method is-config="true" signature="startup()[pri:0, instance:testcases.TC_04Loginnegativecases@376a0d86]" started-at="2024-02-14T23:22:18 IST" name="startup" finished-at="2024-02-14T23:22:28 IST" duration-ms="10965" status="PASS">
          <reporter-output>
          </reporter-output>
        </test-method> <!-- startup -->
        <test-method signature="Loginpage(java.lang.String,java.lang.String)[pri:0, instance:testcases.TC_04Loginnegativecases@376a0d86]" started-at="2024-02-14T23:22:28 IST" name="Loginpage" data-provider="login_negativedata" finished-at="2024-02-14T23:23:38 IST" duration-ms="69873" status="PASS">
          <params>
            <param index="0">
              <value>
                <![CDATA[akramkarish26@gmail.com]]>
              </value>
            </param>
            <param index="1">
              <value>
                <![CDATA[admin]]>
              </value>
            </param>
          </params>
          <reporter-output>
            <line>
              <![CDATA[Welcome to loginpage]]>
            </line>
          </reporter-output>
        </test-method> <!-- Loginpage -->
        <test-method is-config="true" signature="close()[pri:0, instance:testcases.TC_04Loginnegativecases@376a0d86]" started-at="2024-02-14T23:23:38 IST" name="close" finished-at="2024-02-14T23:23:39 IST" duration-ms="1021" status="PASS">
          <reporter-output>
          </reporter-output>
        </test-method> <!-- close -->
        <test-method is-config="true" signature="startup()[pri:0, instance:testcases.TC_04Loginnegativecases@376a0d86]" started-at="2024-02-14T23:23:39 IST" name="startup" finished-at="2024-02-14T23:23:56 IST" duration-ms="16346" status="PASS">
          <reporter-output>
          </reporter-output>
        </test-method> <!-- startup -->
        <test-method signature="Loginpage(java.lang.String,java.lang.String)[pri:0, instance:testcases.TC_04Loginnegativecases@376a0d86]" started-at="2024-02-14T23:23:56 IST" name="Loginpage" data-provider="login_negativedata" finished-at="2024-02-14T23:25:18 IST" duration-ms="81913" status="PASS">
          <params>
            <param index="0">
              <value>
                <![CDATA[akramkarish26@gmail.com]]>
              </value>
            </param>
            <param index="1">
              <value>
                <![CDATA[admin123]]>
              </value>
            </param>
          </params>
          <reporter-output>
            <line>
              <![CDATA[Welcome to loginpage]]>
            </line>
          </reporter-output>
        </test-method> <!-- Loginpage -->
        <test-method is-config="true" signature="close()[pri:0, instance:testcases.TC_04Loginnegativecases@376a0d86]" started-at="2024-02-14T23:25:18 IST" name="close" finished-at="2024-02-14T23:25:19 IST" duration-ms="1089" status="PASS">
          <reporter-output>
          </reporter-output>
        </test-method> <!-- close -->
        <test-method is-config="true" signature="startup()[pri:0, instance:testcases.TC_04Loginnegativecases@376a0d86]" started-at="2024-02-14T23:25:19 IST" name="startup" finished-at="2024-02-14T23:25:38 IST" duration-ms="18908" status="PASS">
          <reporter-output>
          </reporter-output>
        </test-method> <!-- startup -->
        <test-method signature="Loginpage(java.lang.String,java.lang.String)[pri:0, instance:testcases.TC_04Loginnegativecases@376a0d86]" started-at="2024-02-14T23:25:38 IST" name="Loginpage" data-provider="login_negativedata" finished-at="2024-02-14T23:27:02 IST" duration-ms="83901" status="PASS">
          <params>
            <param index="0">
              <value>
                <![CDATA[akramkarish26@gmail.com]]>
              </value>
            </param>
            <param index="1">
              <value is-null="true"/>
            </param>
          </params>
          <reporter-output>
            <line>
              <![CDATA[Welcome to loginpage]]>
            </line>
          </reporter-output>
        </test-method> <!-- Loginpage -->
        <test-method is-config="true" signature="close()[pri:0, instance:testcases.TC_04Loginnegativecases@376a0d86]" started-at="2024-02-14T23:27:02 IST" name="close" finished-at="2024-02-14T23:27:02 IST" duration-ms="746" status="PASS">
          <reporter-output>
          </reporter-output>
        </test-method> <!-- close -->
      </class> <!-- testcases.TC_04Loginnegativecases -->
      <class name="testcases.TC_03_Signuppagetest">
        <test-method is-config="true" signature="startup()[pri:0, instance:testcases.TC_03_Signuppagetest@4149c063]" started-at="2024-02-14T23:13:12 IST" name="startup" finished-at="2024-02-14T23:13:28 IST" duration-ms="15777" status="PASS">
          <reporter-output>
          </reporter-output>
        </test-method> <!-- startup -->
        <test-method signature="signup()[pri:0, instance:testcases.TC_03_Signuppagetest@4149c063]" started-at="2024-02-14T23:13:28 IST" name="signup" finished-at="2024-02-14T23:14:51 IST" duration-ms="83731" status="PASS">
          <reporter-output>
          </reporter-output>
        </test-method> <!-- signup -->
        <test-method is-config="true" signature="close()[pri:0, instance:testcases.TC_03_Signuppagetest@4149c063]" started-at="2024-02-14T23:14:51 IST" name="close" finished-at="2024-02-14T23:14:52 IST" duration-ms="1086" status="PASS">
          <reporter-output>
          </reporter-output>
        </test-method> <!-- close -->
      </class> <!-- testcases.TC_03_Signuppagetest -->
      <class name="testcases.TC_02_Loginpagetest">
        <test-method is-config="true" signature="startup()[pri:0, instance:testcases.TC_02_Loginpagetest@38af9828]" started-at="2024-02-14T23:20:45 IST" name="startup" finished-at="2024-02-14T23:20:59 IST" duration-ms="14161" status="PASS">
          <reporter-output>
          </reporter-output>
        </test-method> <!-- startup -->
        <test-method signature="Loginpage()[pri:0, instance:testcases.TC_02_Loginpagetest@38af9828]" started-at="2024-02-14T23:20:59 IST" name="Loginpage" finished-at="2024-02-14T23:22:06 IST" duration-ms="66074" status="PASS">
          <reporter-output>
            <line>
              <![CDATA[Welcome to loginpage]]>
            </line>
          </reporter-output>
        </test-method> <!-- Loginpage -->
        <test-method is-config="true" signature="close()[pri:0, instance:testcases.TC_02_Loginpagetest@38af9828]" started-at="2024-02-14T23:22:06 IST" name="close" finished-at="2024-02-14T23:22:06 IST" duration-ms="735" status="PASS">
          <reporter-output>
          </reporter-output>
        </test-method> <!-- close -->
      </class> <!-- testcases.TC_02_Loginpagetest -->
      <class name="testcases.TC_06b_shopbydepartment">
        <test-method is-config="true" signature="startup()[pri:0, instance:testcases.TC_06b_shopbydepartment@15d49048]" started-at="2024-02-14T22:54:12 IST" name="startup" finished-at="2024-02-14T22:54:51 IST" duration-ms="38698" status="PASS">
          <reporter-output>
          </reporter-output>
        </test-method> <!-- startup -->
        <test-method signature="add_itemsin_shopbydepartment()[pri:0, instance:testcases.TC_06b_shopbydepartment@15d49048]" started-at="2024-02-14T22:54:51 IST" name="add_itemsin_shopbydepartment" finished-at="2024-02-14T22:56:34 IST" duration-ms="103359" status="PASS">
          <reporter-output>
          </reporter-output>
        </test-method> <!-- add_itemsin_shopbydepartment -->
        <test-method is-config="true" signature="close()[pri:0, instance:testcases.TC_06b_shopbydepartment@15d49048]" started-at="2024-02-14T22:56:34 IST" name="close" finished-at="2024-02-14T22:56:38 IST" duration-ms="4109" status="PASS">
          <reporter-output>
          </reporter-output>
        </test-method> <!-- close -->
      </class> <!-- testcases.TC_06b_shopbydepartment -->
    </test> <!-- Test -->
  </suite> <!-- Suite -->
</testng-results>
